<?xml version="1.0" encoding="UTF-8"?>
<testsuite xmlns:xsi="http://www.w3.org/2001/XMLSchema-instance" xsi:noNamespaceSchemaLocation="https://maven.apache.org/surefire/maven-surefire-plugin/xsd/surefire-test-report.xsd" name="TestSuite" time="1,508.246" tests="19" errors="0" skipped="0" failures="13">
  <properties>
[...]
</properties>
  <testcase name="mlShopProfileNameAndDropDownValidation" classname="com.mlshop.test.MLWalletWebScripts" time="64.344"/>
  <testcase name="shopItemsRingProductPurchaseScenario" classname="com.mlshop.test.MLWalletWebScripts" time="93.45">
    <failure message="no such element: Unable to locate element: {&quot;method&quot;:&quot;xpath&quot;,&quot;selector&quot;:&quot;//*[contains(text(),&apos;Rings&apos;)]&quot;}&#10;  (Session info: chrome-headless-shell=121.0.6167.140)&#10;For documentation on this error, please visit: https://www.seleniumhq.org/exceptions/no_such_element.html&#10;Build info: version: &apos;3.141.59&apos;, revision: &apos;e82be7d358&apos;, time: &apos;2018-11-14T08:17:03&apos;&#10;System info: host: &apos;HOTGQA008&apos;, ip: &apos;10.0.8.67&apos;, os.name: &apos;Windows 11&apos;, os.arch: &apos;amd64&apos;, os.version: &apos;10.0&apos;, java.version: &apos;17.0.7&apos;&#10;Driver info: org.openqa.selenium.chrome.ChromeDriver&#10;Capabilities {acceptInsecureCerts: false, browserName: chrome-headless-shell, browserVersion: 121.0.6167.140, chrome: {chromedriverVersion: 121.0.6167.85 (3f98d690ad7e..., userDataDir: C:\Users\MELG20~1\AppData\L...}, fedcm:accounts: true, goog:chromeOptions: {debuggerAddress: localhost:54458}, javascriptEnabled: true, networkConnectionEnabled: false, pageLoadStrategy: eager, platform: WINDOWS, platformName: WINDOWS, proxy: Proxy(), setWindowRect: true, strictFileInteractability: false, timeouts: {implicit: 0, pageLoad: 300000, script: 30000}, unhandledPromptBehavior: dismiss and notify, webauthn:extension:credBlob: true, webauthn:extension:largeBlob: true, webauthn:extension:minPinLength: true, webauthn:extension:prf: true, webauthn:virtualAuthenticators: true}&#10;Session ID: 7b409dcb9ea0ee5a70d3ee336aa18f86&#10;*** Element info: {Using=xpath, value=//*[contains(text(),&apos;Rings&apos;)]}" type="org.openqa.selenium.NoSuchElementException">org.openqa.selenium.NoSuchElementException: 
no such element: Unable to locate element: {"method":"xpath","selector":"//*[contains(text(),'Rings')]"}
  (Session info: chrome-headless-shell=121.0.6167.140)
For documentation on this error, please visit: https://www.seleniumhq.org/exceptions/no_such_element.html
Build info: version: '3.141.59', revision: 'e82be7d358', time: '2018-11-14T08:17:03'
System info: host: 'HOTGQA008', ip: '10.0.8.67', os.name: 'Windows 11', os.arch: 'amd64', os.version: '10.0', java.version: '17.0.7'
Driver info: org.openqa.selenium.chrome.ChromeDriver
Capabilities {acceptInsecureCerts: false, browserName: chrome-headless-shell, browserVersion: 121.0.6167.140, chrome: {chromedriverVersion: 121.0.6167.85 (3f98d690ad7e..., userDataDir: C:\Users\MELG20~1\AppData\L...}, fedcm:accounts: true, goog:chromeOptions: {debuggerAddress: localhost:54458}, javascriptEnabled: true, networkConnectionEnabled: false, pageLoadStrategy: eager, platform: WINDOWS, platformName: WINDOWS, proxy: Proxy(), setWindowRect: true, strictFileInteractability: false, timeouts: {implicit: 0, pageLoad: 300000, script: 30000}, unhandledPromptBehavior: dismiss and notify, webauthn:extension:credBlob: true, webauthn:extension:largeBlob: true, webauthn:extension:minPinLength: true, webauthn:extension:prf: true, webauthn:virtualAuthenticators: true}
Session ID: 7b409dcb9ea0ee5a70d3ee336aa18f86
*** Element info: {Using=xpath, value=//*[contains(text(),'Rings')]}
	at com.mlshop.test.MLWalletWebScripts.shopItemsRingProductPurchaseScenario(MLWalletWebScripts.java:58)
</failure>
    <system-out><![CDATA[2024-02-06 19:36:51,442 [main] INFO  binary_data_logger - RP_MESSAGE#FILE#C:\Users\MELG20~1\AppData\Local\Temp\screenshot9002541773965624905.png#Attachment
2024-02-06 19:36:51,443 [main] INFO  binary_data_logger - ::::::::::Test mlShopProfileNameAndDropDownValidation PASSED::::::::::
2024-02-06 19:36:57,165 [main] INFO  binary_data_logger - PlatForm :: Web
2024-02-06 19:36:57,167 [main] INFO  binary_data_logger - Running Test :: MLSHOP
2024-02-06 19:36:57,167 [main] INFO  binary_data_logger - Run Mode :: YES
2024-02-06 19:36:59,478 [main] INFO  binary_data_logger - :::::::::Test shopItemsRingProductPurchaseScenario Started::::::::
2024-02-06 19:37:14,530 [main] INFO  binary_data_logger - Profile Icon is displayed
2024-02-06 19:37:14,737 [main] INFO  binary_data_logger - Clicked on Profile Icon
2024-02-06 19:37:14,799 [main] INFO  binary_data_logger - Clicked on Mobile Number input field
2024-02-06 19:37:19,840 [main] INFO  binary_data_logger - Typed the value 09999999912 into Mobile Number Input field
2024-02-06 19:37:24,896 [main] INFO  binary_data_logger - Clicked on Get OTP Button
2024-02-06 19:37:27,509 [main] INFO  binary_data_logger - One Time Pin popup is displayed
2024-02-06 19:37:27,535 [main] INFO  binary_data_logger - Typed the value 111111 into ONe Time Pin Input field
2024-02-06 19:37:57,604 [main] INFO  binary_data_logger - Successfully login popup is not displayed
2024-02-06 19:37:57,686 [main] INFO  binary_data_logger - RP_MESSAGE#FILE#C:\Users\MELG20~1\AppData\Local\Temp\screenshot11184941335055861200.png#Attachment
2024-02-06 19:38:02,726 [main] INFO  binary_data_logger - Okay Button is displayed
2024-02-06 19:38:02,896 [main] INFO  binary_data_logger - Clicked on Okay Button
]]></system-out>
    <system-err><![CDATA[Feb 06, 2024 7:36:57 PM io.github.bonigarcia.wdm.WebDriverManager resolveDriverVersion
INFO: Using chromedriver 121.0.6167.85 (resolved driver for Chrome 121)
Feb 06, 2024 7:36:57 PM io.github.bonigarcia.wdm.WebDriverManager exportDriver
INFO: Exporting webdriver.chrome.driver as C:\Users\MELG20229793\.cache\selenium\chromedriver\win64\121.0.6167.85\chromedriver.exe
Feb 06, 2024 7:36:57 PM io.github.bonigarcia.wdm.versions.VersionDetector getDriverVersionFromRepository
WARNING: Exception reading null to get version of chromedriver (For input string: "116.0.5845.97")
Feb 06, 2024 7:36:57 PM io.github.bonigarcia.wdm.online.HttpClient execute
SEVERE: Error HTTP 404 executing https://chromedriver.storage.googleapis.com/LATEST_RELEASE_116.0.5845.97
Feb 06, 2024 7:36:57 PM io.github.bonigarcia.wdm.versions.VersionDetector getDriverVersionFromRepository
WARNING: Exception reading https://chromedriver.storage.googleapis.com/LATEST_RELEASE_116.0.5845.97 to get latest version of chromedriver (Error HTTP 404 executing https://chromedriver.storage.googleapis.com/LATEST_RELEASE_116.0.5845.97)
Feb 06, 2024 7:36:57 PM io.github.bonigarcia.wdm.WebDriverManager exportDriver
INFO: Exporting webdriver.chrome.driver as C:\Users\MELG20229793\.cache\selenium\chromedriver\win64\121.0.6167.85\chromedriver.exe
Starting ChromeDriver 121.0.6167.85 (3f98d690ad7e59242ef110144c757b2ac4eef1a2-refs/branch-heads/6167@{#1539}) on port 48592
Only local connections are allowed.
Please see https://chromedriver.chromium.org/security-considerations for suggestions on keeping ChromeDriver safe.
ChromeDriver was started successfully.
Feb 06, 2024 7:36:58 PM org.openqa.selenium.remote.ProtocolHandshake createSession
INFO: Detected dialect: W3C
]]></system-err>
  </testcase>
  <testcase name="shopItemsShippingDetailsPageUIValidation" classname="com.mlshop.test.MLWalletWebScripts" time="94.278">
    <failure message="no such element: Unable to locate element: {&quot;method&quot;:&quot;xpath&quot;,&quot;selector&quot;:&quot;//*[contains(text(),&apos;Rings&apos;)]&quot;}&#10;  (Session info: chrome-headless-shell=121.0.6167.140)&#10;For documentation on this error, please visit: https://www.seleniumhq.org/exceptions/no_such_element.html&#10;Build info: version: &apos;3.141.59&apos;, revision: &apos;e82be7d358&apos;, time: &apos;2018-11-14T08:17:03&apos;&#10;System info: host: &apos;HOTGQA008&apos;, ip: &apos;10.0.8.67&apos;, os.name: &apos;Windows 11&apos;, os.arch: &apos;amd64&apos;, os.version: &apos;10.0&apos;, java.version: &apos;17.0.7&apos;&#10;Driver info: org.openqa.selenium.chrome.ChromeDriver&#10;Capabilities {acceptInsecureCerts: false, browserName: chrome-headless-shell, browserVersion: 121.0.6167.140, chrome: {chromedriverVersion: 121.0.6167.85 (3f98d690ad7e..., userDataDir: C:\Users\MELG20~1\AppData\L...}, fedcm:accounts: true, goog:chromeOptions: {debuggerAddress: localhost:54620}, javascriptEnabled: true, networkConnectionEnabled: false, pageLoadStrategy: eager, platform: WINDOWS, platformName: WINDOWS, proxy: Proxy(), setWindowRect: true, strictFileInteractability: false, timeouts: {implicit: 0, pageLoad: 300000, script: 30000}, unhandledPromptBehavior: dismiss and notify, webauthn:extension:credBlob: true, webauthn:extension:largeBlob: true, webauthn:extension:minPinLength: true, webauthn:extension:prf: true, webauthn:virtualAuthenticators: true}&#10;Session ID: e7746aea54ec2b82f8a3f0105f548813&#10;*** Element info: {Using=xpath, value=//*[contains(text(),&apos;Rings&apos;)]}" type="org.openqa.selenium.NoSuchElementException">org.openqa.selenium.NoSuchElementException: 
no such element: Unable to locate element: {"method":"xpath","selector":"//*[contains(text(),'Rings')]"}
  (Session info: chrome-headless-shell=121.0.6167.140)
For documentation on this error, please visit: https://www.seleniumhq.org/exceptions/no_such_element.html
Build info: version: '3.141.59', revision: 'e82be7d358', time: '2018-11-14T08:17:03'
System info: host: 'HOTGQA008', ip: '10.0.8.67', os.name: 'Windows 11', os.arch: 'amd64', os.version: '10.0', java.version: '17.0.7'
Driver info: org.openqa.selenium.chrome.ChromeDriver
Capabilities {acceptInsecureCerts: false, browserName: chrome-headless-shell, browserVersion: 121.0.6167.140, chrome: {chromedriverVersion: 121.0.6167.85 (3f98d690ad7e..., userDataDir: C:\Users\MELG20~1\AppData\L...}, fedcm:accounts: true, goog:chromeOptions: {debuggerAddress: localhost:54620}, javascriptEnabled: true, networkConnectionEnabled: false, pageLoadStrategy: eager, platform: WINDOWS, platformName: WINDOWS, proxy: Proxy(), setWindowRect: true, strictFileInteractability: false, timeouts: {implicit: 0, pageLoad: 300000, script: 30000}, unhandledPromptBehavior: dismiss and notify, webauthn:extension:credBlob: true, webauthn:extension:largeBlob: true, webauthn:extension:minPinLength: true, webauthn:extension:prf: true, webauthn:virtualAuthenticators: true}
Session ID: e7746aea54ec2b82f8a3f0105f548813
*** Element info: {Using=xpath, value=//*[contains(text(),'Rings')]}
	at com.mlshop.test.MLWalletWebScripts.shopItemsShippingDetailsPageUIValidation(MLWalletWebScripts.java:62)
</failure>
    <system-out><![CDATA[2024-02-06 19:38:32,927 [main] INFO  binary_data_logger - ::::::::::Relaunching The App::::::::::
2024-02-06 19:38:38,439 [main] INFO  binary_data_logger - PlatForm :: Web
2024-02-06 19:38:38,440 [main] INFO  binary_data_logger - Running Test :: MLSHOP
2024-02-06 19:38:38,440 [main] INFO  binary_data_logger - Run Mode :: YES
2024-02-06 19:38:40,728 [main] INFO  binary_data_logger - :::::::::Test shopItemsShippingDetailsPageUIValidation Started::::::::
2024-02-06 19:38:55,788 [main] INFO  binary_data_logger - Profile Icon is displayed
2024-02-06 19:38:55,994 [main] INFO  binary_data_logger - Clicked on Profile Icon
2024-02-06 19:38:56,075 [main] INFO  binary_data_logger - Clicked on Mobile Number input field
2024-02-06 19:39:01,132 [main] INFO  binary_data_logger - Typed the value 09999999912 into Mobile Number Input field
2024-02-06 19:39:06,203 [main] INFO  binary_data_logger - Clicked on Get OTP Button
2024-02-06 19:39:09,628 [main] INFO  binary_data_logger - One Time Pin popup is displayed
2024-02-06 19:39:09,662 [main] INFO  binary_data_logger - Typed the value 111111 into ONe Time Pin Input field
2024-02-06 19:39:39,682 [main] INFO  binary_data_logger - Successfully login popup is not displayed
2024-02-06 19:39:39,767 [main] INFO  binary_data_logger - RP_MESSAGE#FILE#C:\Users\MELG20~1\AppData\Local\Temp\screenshot12102339541184639440.png#Attachment
2024-02-06 19:39:44,798 [main] INFO  binary_data_logger - Okay Button is displayed
2024-02-06 19:39:44,947 [main] INFO  binary_data_logger - Clicked on Okay Button
]]></system-out>
    <system-err><![CDATA[Feb 06, 2024 7:38:38 PM io.github.bonigarcia.wdm.WebDriverManager resolveDriverVersion
INFO: Using chromedriver 121.0.6167.85 (resolved driver for Chrome 121)
Feb 06, 2024 7:38:38 PM io.github.bonigarcia.wdm.WebDriverManager exportDriver
INFO: Exporting webdriver.chrome.driver as C:\Users\MELG20229793\.cache\selenium\chromedriver\win64\121.0.6167.85\chromedriver.exe
Feb 06, 2024 7:38:38 PM io.github.bonigarcia.wdm.versions.VersionDetector getDriverVersionFromRepository
WARNING: Exception reading null to get version of chromedriver (For input string: "116.0.5845.97")
Feb 06, 2024 7:38:38 PM io.github.bonigarcia.wdm.online.HttpClient execute
SEVERE: Error HTTP 404 executing https://chromedriver.storage.googleapis.com/LATEST_RELEASE_116.0.5845.97
Feb 06, 2024 7:38:38 PM io.github.bonigarcia.wdm.versions.VersionDetector getDriverVersionFromRepository
WARNING: Exception reading https://chromedriver.storage.googleapis.com/LATEST_RELEASE_116.0.5845.97 to get latest version of chromedriver (Error HTTP 404 executing https://chromedriver.storage.googleapis.com/LATEST_RELEASE_116.0.5845.97)
Feb 06, 2024 7:38:38 PM io.github.bonigarcia.wdm.WebDriverManager exportDriver
INFO: Exporting webdriver.chrome.driver as C:\Users\MELG20229793\.cache\selenium\chromedriver\win64\121.0.6167.85\chromedriver.exe
Starting ChromeDriver 121.0.6167.85 (3f98d690ad7e59242ef110144c757b2ac4eef1a2-refs/branch-heads/6167@{#1539}) on port 57387
Only local connections are allowed.
Please see https://chromedriver.chromium.org/security-considerations for suggestions on keeping ChromeDriver safe.
ChromeDriver was started successfully.
Feb 06, 2024 7:38:39 PM org.openqa.selenium.remote.ProtocolHandshake createSession
INFO: Detected dialect: W3C
]]></system-err>
  </testcase>
  <testcase name="shopItemsProfilePageNavigation" classname="com.mlshop.test.MLWalletWebScripts" time="94.073">
    <failure message="no such element: Unable to locate element: {&quot;method&quot;:&quot;xpath&quot;,&quot;selector&quot;:&quot;(//*[@class=&apos;bg-gray-200 px-[10px] py-[5px] rounded-[3px] min-w-[50%] max-w-[75%] 2sm:text-[13px] 3sm:text-[13px] 3sm:max-w-[100%] 3sm:w-[200px] sm:w-[300px] 2sm:w-[200px]&apos;])[1]&quot;}&#10;  (Session info: chrome-headless-shell=121.0.6167.140)&#10;For documentation on this error, please visit: https://www.seleniumhq.org/exceptions/no_such_element.html&#10;Build info: version: &apos;3.141.59&apos;, revision: &apos;e82be7d358&apos;, time: &apos;2018-11-14T08:17:03&apos;&#10;System info: host: &apos;HOTGQA008&apos;, ip: &apos;10.0.8.67&apos;, os.name: &apos;Windows 11&apos;, os.arch: &apos;amd64&apos;, os.version: &apos;10.0&apos;, java.version: &apos;17.0.7&apos;&#10;Driver info: org.openqa.selenium.chrome.ChromeDriver&#10;Capabilities {acceptInsecureCerts: false, browserName: chrome-headless-shell, browserVersion: 121.0.6167.140, chrome: {chromedriverVersion: 121.0.6167.85 (3f98d690ad7e..., userDataDir: C:\Users\MELG20~1\AppData\L...}, fedcm:accounts: true, goog:chromeOptions: {debuggerAddress: localhost:54788}, javascriptEnabled: true, networkConnectionEnabled: false, pageLoadStrategy: eager, platform: WINDOWS, platformName: WINDOWS, proxy: Proxy(), setWindowRect: true, strictFileInteractability: false, timeouts: {implicit: 0, pageLoad: 300000, script: 30000}, unhandledPromptBehavior: dismiss and notify, webauthn:extension:credBlob: true, webauthn:extension:largeBlob: true, webauthn:extension:minPinLength: true, webauthn:extension:prf: true, webauthn:virtualAuthenticators: true}&#10;Session ID: e233c07a54baa8269a9c316bf74c6052&#10;*** Element info: {Using=xpath, value=(//*[@class=&apos;bg-gray-200 px-[10px] py-[5px] rounded-[3px] min-w-[50%] max-w-[75%] 2sm:text-[13px] 3sm:text-[13px] 3sm:max-w-[100%] 3sm:w-[200px] sm:w-[300px] 2sm:w-[200px]&apos;])[1]}" type="org.openqa.selenium.NoSuchElementException">org.openqa.selenium.NoSuchElementException: 
no such element: Unable to locate element: {"method":"xpath","selector":"(//*[@class='bg-gray-200 px-[10px] py-[5px] rounded-[3px] min-w-[50%] max-w-[75%] 2sm:text-[13px] 3sm:text-[13px] 3sm:max-w-[100%] 3sm:w-[200px] sm:w-[300px] 2sm:w-[200px]'])[1]"}
  (Session info: chrome-headless-shell=121.0.6167.140)
For documentation on this error, please visit: https://www.seleniumhq.org/exceptions/no_such_element.html
Build info: version: '3.141.59', revision: 'e82be7d358', time: '2018-11-14T08:17:03'
System info: host: 'HOTGQA008', ip: '10.0.8.67', os.name: 'Windows 11', os.arch: 'amd64', os.version: '10.0', java.version: '17.0.7'
Driver info: org.openqa.selenium.chrome.ChromeDriver
Capabilities {acceptInsecureCerts: false, browserName: chrome-headless-shell, browserVersion: 121.0.6167.140, chrome: {chromedriverVersion: 121.0.6167.85 (3f98d690ad7e..., userDataDir: C:\Users\MELG20~1\AppData\L...}, fedcm:accounts: true, goog:chromeOptions: {debuggerAddress: localhost:54788}, javascriptEnabled: true, networkConnectionEnabled: false, pageLoadStrategy: eager, platform: WINDOWS, platformName: WINDOWS, proxy: Proxy(), setWindowRect: true, strictFileInteractability: false, timeouts: {implicit: 0, pageLoad: 300000, script: 30000}, unhandledPromptBehavior: dismiss and notify, webauthn:extension:credBlob: true, webauthn:extension:largeBlob: true, webauthn:extension:minPinLength: true, webauthn:extension:prf: true, webauthn:virtualAuthenticators: true}
Session ID: e233c07a54baa8269a9c316bf74c6052
*** Element info: {Using=xpath, value=(//*[@class='bg-gray-200 px-[10px] py-[5px] rounded-[3px] min-w-[50%] max-w-[75%] 2sm:text-[13px] 3sm:text-[13px] 3sm:max-w-[100%] 3sm:w-[200px] sm:w-[300px] 2sm:w-[200px]'])[1]}
	at com.mlshop.test.MLWalletWebScripts.shopItemsProfilePageNavigation(MLWalletWebScripts.java:13)
</failure>
    <system-out><![CDATA[2024-02-06 19:40:15,005 [main] INFO  binary_data_logger - ::::::::::Relaunching The App::::::::::
2024-02-06 19:40:20,569 [main] INFO  binary_data_logger - PlatForm :: Web
2024-02-06 19:40:20,570 [main] INFO  binary_data_logger - Running Test :: MLSHOP
2024-02-06 19:40:20,572 [main] INFO  binary_data_logger - Run Mode :: YES
2024-02-06 19:40:23,088 [main] INFO  binary_data_logger - :::::::::Test shopItemsProfilePageNavigation Started::::::::
2024-02-06 19:40:38,151 [main] INFO  binary_data_logger - Profile Icon is displayed
2024-02-06 19:40:38,338 [main] INFO  binary_data_logger - Clicked on Profile Icon
2024-02-06 19:40:38,400 [main] INFO  binary_data_logger - Clicked on Mobile Number input field
2024-02-06 19:40:43,433 [main] INFO  binary_data_logger - Typed the value 09999999912 into Mobile Number Input field
2024-02-06 19:40:48,494 [main] INFO  binary_data_logger - Clicked on Get OTP Button
2024-02-06 19:40:51,435 [main] INFO  binary_data_logger - One Time Pin popup is displayed
2024-02-06 19:40:51,460 [main] INFO  binary_data_logger - Typed the value 111111 into ONe Time Pin Input field
2024-02-06 19:41:21,475 [main] INFO  binary_data_logger - Successfully login popup is not displayed
2024-02-06 19:41:21,546 [main] INFO  binary_data_logger - RP_MESSAGE#FILE#C:\Users\MELG20~1\AppData\Local\Temp\screenshot3658962272909567510.png#Attachment
2024-02-06 19:41:26,583 [main] INFO  binary_data_logger - Okay Button is displayed
2024-02-06 19:41:26,764 [main] INFO  binary_data_logger - Clicked on Okay Button
2024-02-06 19:41:26,901 [main] INFO  binary_data_logger - Hi, PAVITHRAREDDY! Profile Name is displayed
2024-02-06 19:41:26,964 [main] INFO  binary_data_logger - Clicked on Hi, PAVITHRAREDDY! Profile Name
2024-02-06 19:41:27,017 [main] INFO  binary_data_logger - Profile DropdownElement is displayed
2024-02-06 19:41:27,143 [main] INFO  binary_data_logger - Clicked on Profile DropdownElement
]]></system-out>
    <system-err><![CDATA[Feb 06, 2024 7:40:20 PM io.github.bonigarcia.wdm.WebDriverManager resolveDriverVersion
INFO: Using chromedriver 121.0.6167.85 (resolved driver for Chrome 121)
Feb 06, 2024 7:40:20 PM io.github.bonigarcia.wdm.WebDriverManager exportDriver
INFO: Exporting webdriver.chrome.driver as C:\Users\MELG20229793\.cache\selenium\chromedriver\win64\121.0.6167.85\chromedriver.exe
Feb 06, 2024 7:40:20 PM io.github.bonigarcia.wdm.versions.VersionDetector getDriverVersionFromRepository
WARNING: Exception reading null to get version of chromedriver (For input string: "116.0.5845.97")
Feb 06, 2024 7:40:20 PM io.github.bonigarcia.wdm.online.HttpClient execute
SEVERE: Error HTTP 404 executing https://chromedriver.storage.googleapis.com/LATEST_RELEASE_116.0.5845.97
Feb 06, 2024 7:40:20 PM io.github.bonigarcia.wdm.versions.VersionDetector getDriverVersionFromRepository
WARNING: Exception reading https://chromedriver.storage.googleapis.com/LATEST_RELEASE_116.0.5845.97 to get latest version of chromedriver (Error HTTP 404 executing https://chromedriver.storage.googleapis.com/LATEST_RELEASE_116.0.5845.97)
Feb 06, 2024 7:40:21 PM io.github.bonigarcia.wdm.WebDriverManager exportDriver
INFO: Exporting webdriver.chrome.driver as C:\Users\MELG20229793\.cache\selenium\chromedriver\win64\121.0.6167.85\chromedriver.exe
Starting ChromeDriver 121.0.6167.85 (3f98d690ad7e59242ef110144c757b2ac4eef1a2-refs/branch-heads/6167@{#1539}) on port 48207
Only local connections are allowed.
Please see https://chromedriver.chromium.org/security-considerations for suggestions on keeping ChromeDriver safe.
ChromeDriver was started successfully.
Feb 06, 2024 7:40:22 PM org.openqa.selenium.remote.ProtocolHandshake createSession
INFO: Detected dialect: W3C
]]></system-err>
  </testcase>
  <testcase name="shopItemsPurchaseHistoryPageNavigation" classname="com.mlshop.test.MLWalletWebScripts" time="65.78"/>
  <testcase name="shopItemsLogoutValidation" classname="com.mlshop.test.MLWalletWebScripts" time="93.712"/>
  <testcase name="shopItemsProfileSuccessfulLogin" classname="com.mlshop.test.MLWalletWebScripts" time="63.715"/>
  <testcase name="shopItemsAvailableJewelryItemsValidation" classname="com.mlshop.test.MLWalletWebScripts" time="45.158"/>
  <testcase name="shopItemsWatchItemsValidation" classname="com.mlshop.test.MLWalletWebScripts" time="45.116"/>
  <testcase name="shopItemsRingsProductTypePageNavigationValidation" classname="com.mlshop.test.MLWalletWebScripts" time="45.011">
    <failure message="no such element: Unable to locate element: {&quot;method&quot;:&quot;xpath&quot;,&quot;selector&quot;:&quot;//*[contains(text(),&apos;GREAT SUMMER SALE&apos;)]&quot;}&#10;  (Session info: chrome-headless-shell=121.0.6167.140)&#10;For documentation on this error, please visit: https://www.seleniumhq.org/exceptions/no_such_element.html&#10;Build info: version: &apos;3.141.59&apos;, revision: &apos;e82be7d358&apos;, time: &apos;2018-11-14T08:17:03&apos;&#10;System info: host: &apos;HOTGQA008&apos;, ip: &apos;10.0.8.67&apos;, os.name: &apos;Windows 11&apos;, os.arch: &apos;amd64&apos;, os.version: &apos;10.0&apos;, java.version: &apos;17.0.7&apos;&#10;Driver info: org.openqa.selenium.chrome.ChromeDriver&#10;Capabilities {acceptInsecureCerts: false, browserName: chrome-headless-shell, browserVersion: 121.0.6167.140, chrome: {chromedriverVersion: 121.0.6167.85 (3f98d690ad7e..., userDataDir: C:\Users\MELG20~1\AppData\L...}, fedcm:accounts: true, goog:chromeOptions: {debuggerAddress: localhost:55570}, javascriptEnabled: true, networkConnectionEnabled: false, pageLoadStrategy: eager, platform: WINDOWS, platformName: WINDOWS, proxy: Proxy(), setWindowRect: true, strictFileInteractability: false, timeouts: {implicit: 0, pageLoad: 300000, script: 30000}, unhandledPromptBehavior: dismiss and notify, webauthn:extension:credBlob: true, webauthn:extension:largeBlob: true, webauthn:extension:minPinLength: true, webauthn:extension:prf: true, webauthn:virtualAuthenticators: true}&#10;Session ID: bfee783c0c6bac222de66b0ec9a2e995&#10;*** Element info: {Using=xpath, value=//*[contains(text(),&apos;GREAT SUMMER SALE&apos;)]}" type="org.openqa.selenium.NoSuchElementException">org.openqa.selenium.NoSuchElementException: 
no such element: Unable to locate element: {"method":"xpath","selector":"//*[contains(text(),'GREAT SUMMER SALE')]"}
  (Session info: chrome-headless-shell=121.0.6167.140)
For documentation on this error, please visit: https://www.seleniumhq.org/exceptions/no_such_element.html
Build info: version: '3.141.59', revision: 'e82be7d358', time: '2018-11-14T08:17:03'
System info: host: 'HOTGQA008', ip: '10.0.8.67', os.name: 'Windows 11', os.arch: 'amd64', os.version: '10.0', java.version: '17.0.7'
Driver info: org.openqa.selenium.chrome.ChromeDriver
Capabilities {acceptInsecureCerts: false, browserName: chrome-headless-shell, browserVersion: 121.0.6167.140, chrome: {chromedriverVersion: 121.0.6167.85 (3f98d690ad7e..., userDataDir: C:\Users\MELG20~1\AppData\L...}, fedcm:accounts: true, goog:chromeOptions: {debuggerAddress: localhost:55570}, javascriptEnabled: true, networkConnectionEnabled: false, pageLoadStrategy: eager, platform: WINDOWS, platformName: WINDOWS, proxy: Proxy(), setWindowRect: true, strictFileInteractability: false, timeouts: {implicit: 0, pageLoad: 300000, script: 30000}, unhandledPromptBehavior: dismiss and notify, webauthn:extension:credBlob: true, webauthn:extension:largeBlob: true, webauthn:extension:minPinLength: true, webauthn:extension:prf: true, webauthn:virtualAuthenticators: true}
Session ID: bfee783c0c6bac222de66b0ec9a2e995
*** Element info: {Using=xpath, value=//*[contains(text(),'GREAT SUMMER SALE')]}
	at com.mlshop.test.MLWalletWebScripts.shopItemsRingsProductTypePageNavigationValidation(MLWalletWebScripts.java:37)
</failure>
    <system-out><![CDATA[2024-02-06 19:47:50,801 [main] INFO  binary_data_logger - RP_MESSAGE#FILE#C:\Users\MELG20~1\AppData\Local\Temp\screenshot5651808770244388138.png#Attachment
2024-02-06 19:47:50,802 [main] INFO  binary_data_logger - ::::::::::Test shopItemsWatchItemsValidation PASSED::::::::::
2024-02-06 19:47:56,304 [main] INFO  binary_data_logger - PlatForm :: Web
2024-02-06 19:47:56,305 [main] INFO  binary_data_logger - Running Test :: MLSHOP
2024-02-06 19:47:56,306 [main] INFO  binary_data_logger - Run Mode :: YES
2024-02-06 19:47:58,437 [main] INFO  binary_data_logger - :::::::::Test shopItemsRingsProductTypePageNavigationValidation Started::::::::
]]></system-out>
    <system-err><![CDATA[Feb 06, 2024 7:47:56 PM io.github.bonigarcia.wdm.WebDriverManager resolveDriverVersion
INFO: Using chromedriver 121.0.6167.85 (resolved driver for Chrome 121)
Feb 06, 2024 7:47:56 PM io.github.bonigarcia.wdm.WebDriverManager exportDriver
INFO: Exporting webdriver.chrome.driver as C:\Users\MELG20229793\.cache\selenium\chromedriver\win64\121.0.6167.85\chromedriver.exe
Feb 06, 2024 7:47:56 PM io.github.bonigarcia.wdm.versions.VersionDetector getDriverVersionFromRepository
WARNING: Exception reading null to get version of chromedriver (For input string: "116.0.5845.97")
Feb 06, 2024 7:47:56 PM io.github.bonigarcia.wdm.online.HttpClient execute
SEVERE: Error HTTP 404 executing https://chromedriver.storage.googleapis.com/LATEST_RELEASE_116.0.5845.97
Feb 06, 2024 7:47:56 PM io.github.bonigarcia.wdm.versions.VersionDetector getDriverVersionFromRepository
WARNING: Exception reading https://chromedriver.storage.googleapis.com/LATEST_RELEASE_116.0.5845.97 to get latest version of chromedriver (Error HTTP 404 executing https://chromedriver.storage.googleapis.com/LATEST_RELEASE_116.0.5845.97)
Feb 06, 2024 7:47:56 PM io.github.bonigarcia.wdm.WebDriverManager exportDriver
INFO: Exporting webdriver.chrome.driver as C:\Users\MELG20229793\.cache\selenium\chromedriver\win64\121.0.6167.85\chromedriver.exe
Starting ChromeDriver 121.0.6167.85 (3f98d690ad7e59242ef110144c757b2ac4eef1a2-refs/branch-heads/6167@{#1539}) on port 9944
Only local connections are allowed.
Please see https://chromedriver.chromium.org/security-considerations for suggestions on keeping ChromeDriver safe.
ChromeDriver was started successfully.
Feb 06, 2024 7:47:57 PM org.openqa.selenium.remote.ProtocolHandshake createSession
INFO: Detected dialect: W3C
]]></system-err>
  </testcase>
  <testcase name="shopItemsNecklacesAndPendantsProductTypePageNavigationValidation" classname="com.mlshop.test.MLWalletWebScripts" time="45.035">
    <failure message="no such element: Unable to locate element: {&quot;method&quot;:&quot;xpath&quot;,&quot;selector&quot;:&quot;//*[contains(text(),&apos;GREAT SUMMER SALE&apos;)]&quot;}&#10;  (Session info: chrome-headless-shell=121.0.6167.140)&#10;For documentation on this error, please visit: https://www.seleniumhq.org/exceptions/no_such_element.html&#10;Build info: version: &apos;3.141.59&apos;, revision: &apos;e82be7d358&apos;, time: &apos;2018-11-14T08:17:03&apos;&#10;System info: host: &apos;HOTGQA008&apos;, ip: &apos;10.0.8.67&apos;, os.name: &apos;Windows 11&apos;, os.arch: &apos;amd64&apos;, os.version: &apos;10.0&apos;, java.version: &apos;17.0.7&apos;&#10;Driver info: org.openqa.selenium.chrome.ChromeDriver&#10;Capabilities {acceptInsecureCerts: false, browserName: chrome-headless-shell, browserVersion: 121.0.6167.140, chrome: {chromedriverVersion: 121.0.6167.85 (3f98d690ad7e..., userDataDir: C:\Users\MELG20~1\AppData\L...}, fedcm:accounts: true, goog:chromeOptions: {debuggerAddress: localhost:55653}, javascriptEnabled: true, networkConnectionEnabled: false, pageLoadStrategy: eager, platform: WINDOWS, platformName: WINDOWS, proxy: Proxy(), setWindowRect: true, strictFileInteractability: false, timeouts: {implicit: 0, pageLoad: 300000, script: 30000}, unhandledPromptBehavior: dismiss and notify, webauthn:extension:credBlob: true, webauthn:extension:largeBlob: true, webauthn:extension:minPinLength: true, webauthn:extension:prf: true, webauthn:virtualAuthenticators: true}&#10;Session ID: ed90d918152758187847d4bd1983fa9a&#10;*** Element info: {Using=xpath, value=//*[contains(text(),&apos;GREAT SUMMER SALE&apos;)]}" type="org.openqa.selenium.NoSuchElementException">org.openqa.selenium.NoSuchElementException: 
no such element: Unable to locate element: {"method":"xpath","selector":"//*[contains(text(),'GREAT SUMMER SALE')]"}
  (Session info: chrome-headless-shell=121.0.6167.140)
For documentation on this error, please visit: https://www.seleniumhq.org/exceptions/no_such_element.html
Build info: version: '3.141.59', revision: 'e82be7d358', time: '2018-11-14T08:17:03'
System info: host: 'HOTGQA008', ip: '10.0.8.67', os.name: 'Windows 11', os.arch: 'amd64', os.version: '10.0', java.version: '17.0.7'
Driver info: org.openqa.selenium.chrome.ChromeDriver
Capabilities {acceptInsecureCerts: false, browserName: chrome-headless-shell, browserVersion: 121.0.6167.140, chrome: {chromedriverVersion: 121.0.6167.85 (3f98d690ad7e..., userDataDir: C:\Users\MELG20~1\AppData\L...}, fedcm:accounts: true, goog:chromeOptions: {debuggerAddress: localhost:55653}, javascriptEnabled: true, networkConnectionEnabled: false, pageLoadStrategy: eager, platform: WINDOWS, platformName: WINDOWS, proxy: Proxy(), setWindowRect: true, strictFileInteractability: false, timeouts: {implicit: 0, pageLoad: 300000, script: 30000}, unhandledPromptBehavior: dismiss and notify, webauthn:extension:credBlob: true, webauthn:extension:largeBlob: true, webauthn:extension:minPinLength: true, webauthn:extension:prf: true, webauthn:virtualAuthenticators: true}
Session ID: ed90d918152758187847d4bd1983fa9a
*** Element info: {Using=xpath, value=//*[contains(text(),'GREAT SUMMER SALE')]}
	at com.mlshop.test.MLWalletWebScripts.shopItemsNecklacesAndPendantsProductTypePageNavigationValidation(MLWalletWebScripts.java:41)
</failure>
    <system-out><![CDATA[2024-02-06 19:48:43,448 [main] INFO  binary_data_logger - ::::::::::Relaunching The App::::::::::
2024-02-06 19:48:49,255 [main] INFO  binary_data_logger - PlatForm :: Web
2024-02-06 19:48:49,256 [main] INFO  binary_data_logger - Running Test :: MLSHOP
2024-02-06 19:48:49,256 [main] INFO  binary_data_logger - Run Mode :: YES
2024-02-06 19:48:51,442 [main] INFO  binary_data_logger - :::::::::Test shopItemsNecklacesAndPendantsProductTypePageNavigationValidation Started::::::::
]]></system-out>
    <system-err><![CDATA[Feb 06, 2024 7:48:49 PM io.github.bonigarcia.wdm.WebDriverManager resolveDriverVersion
INFO: Using chromedriver 121.0.6167.85 (resolved driver for Chrome 121)
Feb 06, 2024 7:48:49 PM io.github.bonigarcia.wdm.WebDriverManager exportDriver
INFO: Exporting webdriver.chrome.driver as C:\Users\MELG20229793\.cache\selenium\chromedriver\win64\121.0.6167.85\chromedriver.exe
Feb 06, 2024 7:48:49 PM io.github.bonigarcia.wdm.versions.VersionDetector getDriverVersionFromRepository
WARNING: Exception reading null to get version of chromedriver (For input string: "116.0.5845.97")
Feb 06, 2024 7:48:49 PM io.github.bonigarcia.wdm.online.HttpClient execute
SEVERE: Error HTTP 404 executing https://chromedriver.storage.googleapis.com/LATEST_RELEASE_116.0.5845.97
Feb 06, 2024 7:48:49 PM io.github.bonigarcia.wdm.versions.VersionDetector getDriverVersionFromRepository
WARNING: Exception reading https://chromedriver.storage.googleapis.com/LATEST_RELEASE_116.0.5845.97 to get latest version of chromedriver (Error HTTP 404 executing https://chromedriver.storage.googleapis.com/LATEST_RELEASE_116.0.5845.97)
Feb 06, 2024 7:48:49 PM io.github.bonigarcia.wdm.WebDriverManager exportDriver
INFO: Exporting webdriver.chrome.driver as C:\Users\MELG20229793\.cache\selenium\chromedriver\win64\121.0.6167.85\chromedriver.exe
Starting ChromeDriver 121.0.6167.85 (3f98d690ad7e59242ef110144c757b2ac4eef1a2-refs/branch-heads/6167@{#1539}) on port 11028
Only local connections are allowed.
Please see https://chromedriver.chromium.org/security-considerations for suggestions on keeping ChromeDriver safe.
ChromeDriver was started successfully.
Feb 06, 2024 7:48:50 PM org.openqa.selenium.remote.ProtocolHandshake createSession
INFO: Detected dialect: W3C
]]></system-err>
  </testcase>
  <testcase name="shopItemsBraceletsAndBanglesProductTypePageNavigationValidation" classname="com.mlshop.test.MLWalletWebScripts" time="45.029">
    <failure message="no such element: Unable to locate element: {&quot;method&quot;:&quot;xpath&quot;,&quot;selector&quot;:&quot;//*[contains(text(),&apos;GREAT SUMMER SALE&apos;)]&quot;}&#10;  (Session info: chrome-headless-shell=121.0.6167.140)&#10;For documentation on this error, please visit: https://www.seleniumhq.org/exceptions/no_such_element.html&#10;Build info: version: &apos;3.141.59&apos;, revision: &apos;e82be7d358&apos;, time: &apos;2018-11-14T08:17:03&apos;&#10;System info: host: &apos;HOTGQA008&apos;, ip: &apos;10.0.8.67&apos;, os.name: &apos;Windows 11&apos;, os.arch: &apos;amd64&apos;, os.version: &apos;10.0&apos;, java.version: &apos;17.0.7&apos;&#10;Driver info: org.openqa.selenium.chrome.ChromeDriver&#10;Capabilities {acceptInsecureCerts: false, browserName: chrome-headless-shell, browserVersion: 121.0.6167.140, chrome: {chromedriverVersion: 121.0.6167.85 (3f98d690ad7e..., userDataDir: C:\Users\MELG20~1\AppData\L...}, fedcm:accounts: true, goog:chromeOptions: {debuggerAddress: localhost:55737}, javascriptEnabled: true, networkConnectionEnabled: false, pageLoadStrategy: eager, platform: WINDOWS, platformName: WINDOWS, proxy: Proxy(), setWindowRect: true, strictFileInteractability: false, timeouts: {implicit: 0, pageLoad: 300000, script: 30000}, unhandledPromptBehavior: dismiss and notify, webauthn:extension:credBlob: true, webauthn:extension:largeBlob: true, webauthn:extension:minPinLength: true, webauthn:extension:prf: true, webauthn:virtualAuthenticators: true}&#10;Session ID: 412deb133884dbfa747ed8251f996fe8&#10;*** Element info: {Using=xpath, value=//*[contains(text(),&apos;GREAT SUMMER SALE&apos;)]}" type="org.openqa.selenium.NoSuchElementException">org.openqa.selenium.NoSuchElementException: 
no such element: Unable to locate element: {"method":"xpath","selector":"//*[contains(text(),'GREAT SUMMER SALE')]"}
  (Session info: chrome-headless-shell=121.0.6167.140)
For documentation on this error, please visit: https://www.seleniumhq.org/exceptions/no_such_element.html
Build info: version: '3.141.59', revision: 'e82be7d358', time: '2018-11-14T08:17:03'
System info: host: 'HOTGQA008', ip: '10.0.8.67', os.name: 'Windows 11', os.arch: 'amd64', os.version: '10.0', java.version: '17.0.7'
Driver info: org.openqa.selenium.chrome.ChromeDriver
Capabilities {acceptInsecureCerts: false, browserName: chrome-headless-shell, browserVersion: 121.0.6167.140, chrome: {chromedriverVersion: 121.0.6167.85 (3f98d690ad7e..., userDataDir: C:\Users\MELG20~1\AppData\L...}, fedcm:accounts: true, goog:chromeOptions: {debuggerAddress: localhost:55737}, javascriptEnabled: true, networkConnectionEnabled: false, pageLoadStrategy: eager, platform: WINDOWS, platformName: WINDOWS, proxy: Proxy(), setWindowRect: true, strictFileInteractability: false, timeouts: {implicit: 0, pageLoad: 300000, script: 30000}, unhandledPromptBehavior: dismiss and notify, webauthn:extension:credBlob: true, webauthn:extension:largeBlob: true, webauthn:extension:minPinLength: true, webauthn:extension:prf: true, webauthn:virtualAuthenticators: true}
Session ID: 412deb133884dbfa747ed8251f996fe8
*** Element info: {Using=xpath, value=//*[contains(text(),'GREAT SUMMER SALE')]}
	at com.mlshop.test.MLWalletWebScripts.shopItemsBraceletsAndBanglesProductTypePageNavigationValidation(MLWalletWebScripts.java:45)
</failure>
    <system-out><![CDATA[2024-02-06 19:49:36,476 [main] INFO  binary_data_logger - ::::::::::Relaunching The App::::::::::
2024-02-06 19:49:42,059 [main] INFO  binary_data_logger - PlatForm :: Web
2024-02-06 19:49:42,060 [main] INFO  binary_data_logger - Running Test :: MLSHOP
2024-02-06 19:49:42,060 [main] INFO  binary_data_logger - Run Mode :: YES
2024-02-06 19:49:44,244 [main] INFO  binary_data_logger - :::::::::Test shopItemsBraceletsAndBanglesProductTypePageNavigationValidation Started::::::::
]]></system-out>
    <system-err><![CDATA[Feb 06, 2024 7:49:42 PM io.github.bonigarcia.wdm.WebDriverManager resolveDriverVersion
INFO: Using chromedriver 121.0.6167.85 (resolved driver for Chrome 121)
Feb 06, 2024 7:49:42 PM io.github.bonigarcia.wdm.WebDriverManager exportDriver
INFO: Exporting webdriver.chrome.driver as C:\Users\MELG20229793\.cache\selenium\chromedriver\win64\121.0.6167.85\chromedriver.exe
Feb 06, 2024 7:49:42 PM io.github.bonigarcia.wdm.versions.VersionDetector getDriverVersionFromRepository
WARNING: Exception reading null to get version of chromedriver (For input string: "116.0.5845.97")
Feb 06, 2024 7:49:42 PM io.github.bonigarcia.wdm.online.HttpClient execute
SEVERE: Error HTTP 404 executing https://chromedriver.storage.googleapis.com/LATEST_RELEASE_116.0.5845.97
Feb 06, 2024 7:49:42 PM io.github.bonigarcia.wdm.versions.VersionDetector getDriverVersionFromRepository
WARNING: Exception reading https://chromedriver.storage.googleapis.com/LATEST_RELEASE_116.0.5845.97 to get latest version of chromedriver (Error HTTP 404 executing https://chromedriver.storage.googleapis.com/LATEST_RELEASE_116.0.5845.97)
Feb 06, 2024 7:49:42 PM io.github.bonigarcia.wdm.WebDriverManager exportDriver
INFO: Exporting webdriver.chrome.driver as C:\Users\MELG20229793\.cache\selenium\chromedriver\win64\121.0.6167.85\chromedriver.exe
Starting ChromeDriver 121.0.6167.85 (3f98d690ad7e59242ef110144c757b2ac4eef1a2-refs/branch-heads/6167@{#1539}) on port 26345
Only local connections are allowed.
Please see https://chromedriver.chromium.org/security-considerations for suggestions on keeping ChromeDriver safe.
ChromeDriver was started successfully.
Feb 06, 2024 7:49:43 PM org.openqa.selenium.remote.ProtocolHandshake createSession
INFO: Detected dialect: W3C
]]></system-err>
  </testcase>
  <testcase name="shopItemsEarringsProductTypePageNavigationValidation" classname="com.mlshop.test.MLWalletWebScripts" time="45.027">
    <failure message="no such element: Unable to locate element: {&quot;method&quot;:&quot;xpath&quot;,&quot;selector&quot;:&quot;//*[contains(text(),&apos;GREAT SUMMER SALE&apos;)]&quot;}&#10;  (Session info: chrome-headless-shell=121.0.6167.140)&#10;For documentation on this error, please visit: https://www.seleniumhq.org/exceptions/no_such_element.html&#10;Build info: version: &apos;3.141.59&apos;, revision: &apos;e82be7d358&apos;, time: &apos;2018-11-14T08:17:03&apos;&#10;System info: host: &apos;HOTGQA008&apos;, ip: &apos;10.0.8.67&apos;, os.name: &apos;Windows 11&apos;, os.arch: &apos;amd64&apos;, os.version: &apos;10.0&apos;, java.version: &apos;17.0.7&apos;&#10;Driver info: org.openqa.selenium.chrome.ChromeDriver&#10;Capabilities {acceptInsecureCerts: false, browserName: chrome-headless-shell, browserVersion: 121.0.6167.140, chrome: {chromedriverVersion: 121.0.6167.85 (3f98d690ad7e..., userDataDir: C:\Users\MELG20~1\AppData\L...}, fedcm:accounts: true, goog:chromeOptions: {debuggerAddress: localhost:55815}, javascriptEnabled: true, networkConnectionEnabled: false, pageLoadStrategy: eager, platform: WINDOWS, platformName: WINDOWS, proxy: Proxy(), setWindowRect: true, strictFileInteractability: false, timeouts: {implicit: 0, pageLoad: 300000, script: 30000}, unhandledPromptBehavior: dismiss and notify, webauthn:extension:credBlob: true, webauthn:extension:largeBlob: true, webauthn:extension:minPinLength: true, webauthn:extension:prf: true, webauthn:virtualAuthenticators: true}&#10;Session ID: 9e4457c72a4a00e274b2e0d07b68cda3&#10;*** Element info: {Using=xpath, value=//*[contains(text(),&apos;GREAT SUMMER SALE&apos;)]}" type="org.openqa.selenium.NoSuchElementException">org.openqa.selenium.NoSuchElementException: 
no such element: Unable to locate element: {"method":"xpath","selector":"//*[contains(text(),'GREAT SUMMER SALE')]"}
  (Session info: chrome-headless-shell=121.0.6167.140)
For documentation on this error, please visit: https://www.seleniumhq.org/exceptions/no_such_element.html
Build info: version: '3.141.59', revision: 'e82be7d358', time: '2018-11-14T08:17:03'
System info: host: 'HOTGQA008', ip: '10.0.8.67', os.name: 'Windows 11', os.arch: 'amd64', os.version: '10.0', java.version: '17.0.7'
Driver info: org.openqa.selenium.chrome.ChromeDriver
Capabilities {acceptInsecureCerts: false, browserName: chrome-headless-shell, browserVersion: 121.0.6167.140, chrome: {chromedriverVersion: 121.0.6167.85 (3f98d690ad7e..., userDataDir: C:\Users\MELG20~1\AppData\L...}, fedcm:accounts: true, goog:chromeOptions: {debuggerAddress: localhost:55815}, javascriptEnabled: true, networkConnectionEnabled: false, pageLoadStrategy: eager, platform: WINDOWS, platformName: WINDOWS, proxy: Proxy(), setWindowRect: true, strictFileInteractability: false, timeouts: {implicit: 0, pageLoad: 300000, script: 30000}, unhandledPromptBehavior: dismiss and notify, webauthn:extension:credBlob: true, webauthn:extension:largeBlob: true, webauthn:extension:minPinLength: true, webauthn:extension:prf: true, webauthn:virtualAuthenticators: true}
Session ID: 9e4457c72a4a00e274b2e0d07b68cda3
*** Element info: {Using=xpath, value=//*[contains(text(),'GREAT SUMMER SALE')]}
	at com.mlshop.test.MLWalletWebScripts.shopItemsEarringsProductTypePageNavigationValidation(MLWalletWebScripts.java:49)
</failure>
    <system-out><![CDATA[2024-02-06 19:50:29,273 [main] INFO  binary_data_logger - ::::::::::Relaunching The App::::::::::
2024-02-06 19:50:34,735 [main] INFO  binary_data_logger - PlatForm :: Web
2024-02-06 19:50:34,736 [main] INFO  binary_data_logger - Running Test :: MLSHOP
2024-02-06 19:50:34,737 [main] INFO  binary_data_logger - Run Mode :: YES
2024-02-06 19:50:36,866 [main] INFO  binary_data_logger - :::::::::Test shopItemsEarringsProductTypePageNavigationValidation Started::::::::
]]></system-out>
    <system-err><![CDATA[Feb 06, 2024 7:50:34 PM io.github.bonigarcia.wdm.WebDriverManager resolveDriverVersion
INFO: Using chromedriver 121.0.6167.85 (resolved driver for Chrome 121)
Feb 06, 2024 7:50:34 PM io.github.bonigarcia.wdm.WebDriverManager exportDriver
INFO: Exporting webdriver.chrome.driver as C:\Users\MELG20229793\.cache\selenium\chromedriver\win64\121.0.6167.85\chromedriver.exe
Feb 06, 2024 7:50:34 PM io.github.bonigarcia.wdm.versions.VersionDetector getDriverVersionFromRepository
WARNING: Exception reading null to get version of chromedriver (For input string: "116.0.5845.97")
Feb 06, 2024 7:50:35 PM io.github.bonigarcia.wdm.online.HttpClient execute
SEVERE: Error HTTP 404 executing https://chromedriver.storage.googleapis.com/LATEST_RELEASE_116.0.5845.97
Feb 06, 2024 7:50:35 PM io.github.bonigarcia.wdm.versions.VersionDetector getDriverVersionFromRepository
WARNING: Exception reading https://chromedriver.storage.googleapis.com/LATEST_RELEASE_116.0.5845.97 to get latest version of chromedriver (Error HTTP 404 executing https://chromedriver.storage.googleapis.com/LATEST_RELEASE_116.0.5845.97)
Feb 06, 2024 7:50:35 PM io.github.bonigarcia.wdm.WebDriverManager exportDriver
INFO: Exporting webdriver.chrome.driver as C:\Users\MELG20229793\.cache\selenium\chromedriver\win64\121.0.6167.85\chromedriver.exe
Starting ChromeDriver 121.0.6167.85 (3f98d690ad7e59242ef110144c757b2ac4eef1a2-refs/branch-heads/6167@{#1539}) on port 60233
Only local connections are allowed.
Please see https://chromedriver.chromium.org/security-considerations for suggestions on keeping ChromeDriver safe.
ChromeDriver was started successfully.
Feb 06, 2024 7:50:36 PM org.openqa.selenium.remote.ProtocolHandshake createSession
INFO: Detected dialect: W3C
]]></system-err>
  </testcase>
  <testcase name="shopItemsWatchProductTypePageNavigationValidation" classname="com.mlshop.test.MLWalletWebScripts" time="45.061">
    <failure message="no such element: Unable to locate element: {&quot;method&quot;:&quot;xpath&quot;,&quot;selector&quot;:&quot;(//*[@class=&apos; flex flex-wrap justify-center gap-5 mt-5 pb-[50px]&apos;]/child::a/child::div)[1]&quot;}&#10;  (Session info: chrome-headless-shell=121.0.6167.140)&#10;For documentation on this error, please visit: https://www.seleniumhq.org/exceptions/no_such_element.html&#10;Build info: version: &apos;3.141.59&apos;, revision: &apos;e82be7d358&apos;, time: &apos;2018-11-14T08:17:03&apos;&#10;System info: host: &apos;HOTGQA008&apos;, ip: &apos;10.0.8.67&apos;, os.name: &apos;Windows 11&apos;, os.arch: &apos;amd64&apos;, os.version: &apos;10.0&apos;, java.version: &apos;17.0.7&apos;&#10;Driver info: org.openqa.selenium.chrome.ChromeDriver&#10;Capabilities {acceptInsecureCerts: false, browserName: chrome-headless-shell, browserVersion: 121.0.6167.140, chrome: {chromedriverVersion: 121.0.6167.85 (3f98d690ad7e..., userDataDir: C:\Users\MELG20~1\AppData\L...}, fedcm:accounts: true, goog:chromeOptions: {debuggerAddress: localhost:55911}, javascriptEnabled: true, networkConnectionEnabled: false, pageLoadStrategy: eager, platform: WINDOWS, platformName: WINDOWS, proxy: Proxy(), setWindowRect: true, strictFileInteractability: false, timeouts: {implicit: 0, pageLoad: 300000, script: 30000}, unhandledPromptBehavior: dismiss and notify, webauthn:extension:credBlob: true, webauthn:extension:largeBlob: true, webauthn:extension:minPinLength: true, webauthn:extension:prf: true, webauthn:virtualAuthenticators: true}&#10;Session ID: 467055fc186c6df4e4afc1b493ec6c36&#10;*** Element info: {Using=xpath, value=(//*[@class=&apos; flex flex-wrap justify-center gap-5 mt-5 pb-[50px]&apos;]/child::a/child::div)[1]}" type="org.openqa.selenium.NoSuchElementException">org.openqa.selenium.NoSuchElementException: 
no such element: Unable to locate element: {"method":"xpath","selector":"(//*[@class=' flex flex-wrap justify-center gap-5 mt-5 pb-[50px]']/child::a/child::div)[1]"}
  (Session info: chrome-headless-shell=121.0.6167.140)
For documentation on this error, please visit: https://www.seleniumhq.org/exceptions/no_such_element.html
Build info: version: '3.141.59', revision: 'e82be7d358', time: '2018-11-14T08:17:03'
System info: host: 'HOTGQA008', ip: '10.0.8.67', os.name: 'Windows 11', os.arch: 'amd64', os.version: '10.0', java.version: '17.0.7'
Driver info: org.openqa.selenium.chrome.ChromeDriver
Capabilities {acceptInsecureCerts: false, browserName: chrome-headless-shell, browserVersion: 121.0.6167.140, chrome: {chromedriverVersion: 121.0.6167.85 (3f98d690ad7e..., userDataDir: C:\Users\MELG20~1\AppData\L...}, fedcm:accounts: true, goog:chromeOptions: {debuggerAddress: localhost:55911}, javascriptEnabled: true, networkConnectionEnabled: false, pageLoadStrategy: eager, platform: WINDOWS, platformName: WINDOWS, proxy: Proxy(), setWindowRect: true, strictFileInteractability: false, timeouts: {implicit: 0, pageLoad: 300000, script: 30000}, unhandledPromptBehavior: dismiss and notify, webauthn:extension:credBlob: true, webauthn:extension:largeBlob: true, webauthn:extension:minPinLength: true, webauthn:extension:prf: true, webauthn:virtualAuthenticators: true}
Session ID: 467055fc186c6df4e4afc1b493ec6c36
*** Element info: {Using=xpath, value=(//*[@class=' flex flex-wrap justify-center gap-5 mt-5 pb-[50px]']/child::a/child::div)[1]}
	at com.mlshop.test.MLWalletWebScripts.shopItemsWatchProductTypePageNavigationValidation(MLWalletWebScripts.java:53)
</failure>
    <system-out><![CDATA[2024-02-06 19:51:21,893 [main] INFO  binary_data_logger - ::::::::::Relaunching The App::::::::::
2024-02-06 19:51:27,368 [main] INFO  binary_data_logger - PlatForm :: Web
2024-02-06 19:51:27,369 [main] INFO  binary_data_logger - Running Test :: MLSHOP
2024-02-06 19:51:27,369 [main] INFO  binary_data_logger - Run Mode :: YES
2024-02-06 19:51:29,799 [main] INFO  binary_data_logger - :::::::::Test shopItemsWatchProductTypePageNavigationValidation Started::::::::
]]></system-out>
    <system-err><![CDATA[Feb 06, 2024 7:51:27 PM io.github.bonigarcia.wdm.WebDriverManager resolveDriverVersion
INFO: Using chromedriver 121.0.6167.85 (resolved driver for Chrome 121)
Feb 06, 2024 7:51:27 PM io.github.bonigarcia.wdm.WebDriverManager exportDriver
INFO: Exporting webdriver.chrome.driver as C:\Users\MELG20229793\.cache\selenium\chromedriver\win64\121.0.6167.85\chromedriver.exe
Feb 06, 2024 7:51:27 PM io.github.bonigarcia.wdm.versions.VersionDetector getDriverVersionFromRepository
WARNING: Exception reading null to get version of chromedriver (For input string: "116.0.5845.97")
Feb 06, 2024 7:51:27 PM io.github.bonigarcia.wdm.online.HttpClient execute
SEVERE: Error HTTP 404 executing https://chromedriver.storage.googleapis.com/LATEST_RELEASE_116.0.5845.97
Feb 06, 2024 7:51:27 PM io.github.bonigarcia.wdm.versions.VersionDetector getDriverVersionFromRepository
WARNING: Exception reading https://chromedriver.storage.googleapis.com/LATEST_RELEASE_116.0.5845.97 to get latest version of chromedriver (Error HTTP 404 executing https://chromedriver.storage.googleapis.com/LATEST_RELEASE_116.0.5845.97)
Feb 06, 2024 7:51:28 PM io.github.bonigarcia.wdm.WebDriverManager exportDriver
INFO: Exporting webdriver.chrome.driver as C:\Users\MELG20229793\.cache\selenium\chromedriver\win64\121.0.6167.85\chromedriver.exe
Starting ChromeDriver 121.0.6167.85 (3f98d690ad7e59242ef110144c757b2ac4eef1a2-refs/branch-heads/6167@{#1539}) on port 60945
Only local connections are allowed.
Please see https://chromedriver.chromium.org/security-considerations for suggestions on keeping ChromeDriver safe.
ChromeDriver was started successfully.
Feb 06, 2024 7:51:29 PM org.openqa.selenium.remote.ProtocolHandshake createSession
INFO: Detected dialect: W3C
]]></system-err>
  </testcase>
  <testcase name="shopItemsAddedItemInCartDeletedPopupValidationYesButton" classname="com.mlshop.test.MLWalletWebScripts" time="94.698">
    <failure message="no such element: Unable to locate element: {&quot;method&quot;:&quot;xpath&quot;,&quot;selector&quot;:&quot;//*[contains(text(),&apos;Rings&apos;)]&quot;}&#10;  (Session info: chrome-headless-shell=121.0.6167.140)&#10;For documentation on this error, please visit: https://www.seleniumhq.org/exceptions/no_such_element.html&#10;Build info: version: &apos;3.141.59&apos;, revision: &apos;e82be7d358&apos;, time: &apos;2018-11-14T08:17:03&apos;&#10;System info: host: &apos;HOTGQA008&apos;, ip: &apos;10.0.8.67&apos;, os.name: &apos;Windows 11&apos;, os.arch: &apos;amd64&apos;, os.version: &apos;10.0&apos;, java.version: &apos;17.0.7&apos;&#10;Driver info: org.openqa.selenium.chrome.ChromeDriver&#10;Capabilities {acceptInsecureCerts: false, browserName: chrome-headless-shell, browserVersion: 121.0.6167.140, chrome: {chromedriverVersion: 121.0.6167.85 (3f98d690ad7e..., userDataDir: C:\Users\MELG20~1\AppData\L...}, fedcm:accounts: true, goog:chromeOptions: {debuggerAddress: localhost:56006}, javascriptEnabled: true, networkConnectionEnabled: false, pageLoadStrategy: eager, platform: WINDOWS, platformName: WINDOWS, proxy: Proxy(), setWindowRect: true, strictFileInteractability: false, timeouts: {implicit: 0, pageLoad: 300000, script: 30000}, unhandledPromptBehavior: dismiss and notify, webauthn:extension:credBlob: true, webauthn:extension:largeBlob: true, webauthn:extension:minPinLength: true, webauthn:extension:prf: true, webauthn:virtualAuthenticators: true}&#10;Session ID: 9a6e2b8021a4b6665270b2cdf232eadb&#10;*** Element info: {Using=xpath, value=//*[contains(text(),&apos;Rings&apos;)]}" type="org.openqa.selenium.NoSuchElementException">org.openqa.selenium.NoSuchElementException: 
no such element: Unable to locate element: {"method":"xpath","selector":"//*[contains(text(),'Rings')]"}
  (Session info: chrome-headless-shell=121.0.6167.140)
For documentation on this error, please visit: https://www.seleniumhq.org/exceptions/no_such_element.html
Build info: version: '3.141.59', revision: 'e82be7d358', time: '2018-11-14T08:17:03'
System info: host: 'HOTGQA008', ip: '10.0.8.67', os.name: 'Windows 11', os.arch: 'amd64', os.version: '10.0', java.version: '17.0.7'
Driver info: org.openqa.selenium.chrome.ChromeDriver
Capabilities {acceptInsecureCerts: false, browserName: chrome-headless-shell, browserVersion: 121.0.6167.140, chrome: {chromedriverVersion: 121.0.6167.85 (3f98d690ad7e..., userDataDir: C:\Users\MELG20~1\AppData\L...}, fedcm:accounts: true, goog:chromeOptions: {debuggerAddress: localhost:56006}, javascriptEnabled: true, networkConnectionEnabled: false, pageLoadStrategy: eager, platform: WINDOWS, platformName: WINDOWS, proxy: Proxy(), setWindowRect: true, strictFileInteractability: false, timeouts: {implicit: 0, pageLoad: 300000, script: 30000}, unhandledPromptBehavior: dismiss and notify, webauthn:extension:credBlob: true, webauthn:extension:largeBlob: true, webauthn:extension:minPinLength: true, webauthn:extension:prf: true, webauthn:virtualAuthenticators: true}
Session ID: 9a6e2b8021a4b6665270b2cdf232eadb
*** Element info: {Using=xpath, value=//*[contains(text(),'Rings')]}
	at com.mlshop.test.MLWalletWebScripts.shopItemsAddedItemInCartDeletedPopupValidationYesButton(MLWalletWebScripts.java:68)
</failure>
    <system-out><![CDATA[2024-02-06 19:52:14,859 [main] INFO  binary_data_logger - ::::::::::Relaunching The App::::::::::
2024-02-06 19:52:20,344 [main] INFO  binary_data_logger - PlatForm :: Web
2024-02-06 19:52:20,345 [main] INFO  binary_data_logger - Running Test :: MLSHOP
2024-02-06 19:52:20,345 [main] INFO  binary_data_logger - Run Mode :: YES
2024-02-06 19:52:22,632 [main] INFO  binary_data_logger - :::::::::Test shopItemsAddedItemInCartDeletedPopupValidationYesButton Started::::::::
2024-02-06 19:52:37,686 [main] INFO  binary_data_logger - Profile Icon is displayed
2024-02-06 19:52:37,865 [main] INFO  binary_data_logger - Clicked on Profile Icon
2024-02-06 19:52:37,924 [main] INFO  binary_data_logger - Clicked on Mobile Number input field
2024-02-06 19:52:42,953 [main] INFO  binary_data_logger - Typed the value 09999999912 into Mobile Number Input field
2024-02-06 19:52:48,005 [main] INFO  binary_data_logger - Clicked on Get OTP Button
2024-02-06 19:52:52,005 [main] INFO  binary_data_logger - One Time Pin popup is displayed
2024-02-06 19:52:52,040 [main] INFO  binary_data_logger - Typed the value 111111 into ONe Time Pin Input field
2024-02-06 19:53:22,047 [main] INFO  binary_data_logger - Successfully login popup is not displayed
2024-02-06 19:53:22,121 [main] INFO  binary_data_logger - RP_MESSAGE#FILE#C:\Users\MELG20~1\AppData\Local\Temp\screenshot659760592396880712.png#Attachment
2024-02-06 19:53:27,156 [main] INFO  binary_data_logger - Okay Button is displayed
2024-02-06 19:53:27,309 [main] INFO  binary_data_logger - Clicked on Okay Button
]]></system-out>
    <system-err><![CDATA[Feb 06, 2024 7:52:20 PM io.github.bonigarcia.wdm.WebDriverManager resolveDriverVersion
INFO: Using chromedriver 121.0.6167.85 (resolved driver for Chrome 121)
Feb 06, 2024 7:52:20 PM io.github.bonigarcia.wdm.WebDriverManager exportDriver
INFO: Exporting webdriver.chrome.driver as C:\Users\MELG20229793\.cache\selenium\chromedriver\win64\121.0.6167.85\chromedriver.exe
Feb 06, 2024 7:52:20 PM io.github.bonigarcia.wdm.versions.VersionDetector getDriverVersionFromRepository
WARNING: Exception reading null to get version of chromedriver (For input string: "116.0.5845.97")
Feb 06, 2024 7:52:20 PM io.github.bonigarcia.wdm.online.HttpClient execute
SEVERE: Error HTTP 404 executing https://chromedriver.storage.googleapis.com/LATEST_RELEASE_116.0.5845.97
Feb 06, 2024 7:52:20 PM io.github.bonigarcia.wdm.versions.VersionDetector getDriverVersionFromRepository
WARNING: Exception reading https://chromedriver.storage.googleapis.com/LATEST_RELEASE_116.0.5845.97 to get latest version of chromedriver (Error HTTP 404 executing https://chromedriver.storage.googleapis.com/LATEST_RELEASE_116.0.5845.97)
Feb 06, 2024 7:52:20 PM io.github.bonigarcia.wdm.WebDriverManager exportDriver
INFO: Exporting webdriver.chrome.driver as C:\Users\MELG20229793\.cache\selenium\chromedriver\win64\121.0.6167.85\chromedriver.exe
Starting ChromeDriver 121.0.6167.85 (3f98d690ad7e59242ef110144c757b2ac4eef1a2-refs/branch-heads/6167@{#1539}) on port 9409
Only local connections are allowed.
Please see https://chromedriver.chromium.org/security-considerations for suggestions on keeping ChromeDriver safe.
ChromeDriver was started successfully.
Feb 06, 2024 7:52:21 PM org.openqa.selenium.remote.ProtocolHandshake createSession
INFO: Detected dialect: W3C
]]></system-err>
  </testcase>
  <testcase name="shopItemsAddedItemInCartDeletedPopupValidationCancelButton" classname="com.mlshop.test.MLWalletWebScripts" time="93.485">
    <failure message="no such element: Unable to locate element: {&quot;method&quot;:&quot;xpath&quot;,&quot;selector&quot;:&quot;//*[contains(text(),&apos;Rings&apos;)]&quot;}&#10;  (Session info: chrome-headless-shell=121.0.6167.140)&#10;For documentation on this error, please visit: https://www.seleniumhq.org/exceptions/no_such_element.html&#10;Build info: version: &apos;3.141.59&apos;, revision: &apos;e82be7d358&apos;, time: &apos;2018-11-14T08:17:03&apos;&#10;System info: host: &apos;HOTGQA008&apos;, ip: &apos;10.0.8.67&apos;, os.name: &apos;Windows 11&apos;, os.arch: &apos;amd64&apos;, os.version: &apos;10.0&apos;, java.version: &apos;17.0.7&apos;&#10;Driver info: org.openqa.selenium.chrome.ChromeDriver&#10;Capabilities {acceptInsecureCerts: false, browserName: chrome-headless-shell, browserVersion: 121.0.6167.140, chrome: {chromedriverVersion: 121.0.6167.85 (3f98d690ad7e..., userDataDir: C:\Users\MELG20~1\AppData\L...}, fedcm:accounts: true, goog:chromeOptions: {debuggerAddress: localhost:56141}, javascriptEnabled: true, networkConnectionEnabled: false, pageLoadStrategy: eager, platform: WINDOWS, platformName: WINDOWS, proxy: Proxy(), setWindowRect: true, strictFileInteractability: false, timeouts: {implicit: 0, pageLoad: 300000, script: 30000}, unhandledPromptBehavior: dismiss and notify, webauthn:extension:credBlob: true, webauthn:extension:largeBlob: true, webauthn:extension:minPinLength: true, webauthn:extension:prf: true, webauthn:virtualAuthenticators: true}&#10;Session ID: a172938f72b428a995a4fd82d6e03ff4&#10;*** Element info: {Using=xpath, value=//*[contains(text(),&apos;Rings&apos;)]}" type="org.openqa.selenium.NoSuchElementException">org.openqa.selenium.NoSuchElementException: 
no such element: Unable to locate element: {"method":"xpath","selector":"//*[contains(text(),'Rings')]"}
  (Session info: chrome-headless-shell=121.0.6167.140)
For documentation on this error, please visit: https://www.seleniumhq.org/exceptions/no_such_element.html
Build info: version: '3.141.59', revision: 'e82be7d358', time: '2018-11-14T08:17:03'
System info: host: 'HOTGQA008', ip: '10.0.8.67', os.name: 'Windows 11', os.arch: 'amd64', os.version: '10.0', java.version: '17.0.7'
Driver info: org.openqa.selenium.chrome.ChromeDriver
Capabilities {acceptInsecureCerts: false, browserName: chrome-headless-shell, browserVersion: 121.0.6167.140, chrome: {chromedriverVersion: 121.0.6167.85 (3f98d690ad7e..., userDataDir: C:\Users\MELG20~1\AppData\L...}, fedcm:accounts: true, goog:chromeOptions: {debuggerAddress: localhost:56141}, javascriptEnabled: true, networkConnectionEnabled: false, pageLoadStrategy: eager, platform: WINDOWS, platformName: WINDOWS, proxy: Proxy(), setWindowRect: true, strictFileInteractability: false, timeouts: {implicit: 0, pageLoad: 300000, script: 30000}, unhandledPromptBehavior: dismiss and notify, webauthn:extension:credBlob: true, webauthn:extension:largeBlob: true, webauthn:extension:minPinLength: true, webauthn:extension:prf: true, webauthn:virtualAuthenticators: true}
Session ID: a172938f72b428a995a4fd82d6e03ff4
*** Element info: {Using=xpath, value=//*[contains(text(),'Rings')]}
	at com.mlshop.test.MLWalletWebScripts.shopItemsAddedItemInCartDeletedPopupValidationCancelButton(MLWalletWebScripts.java:74)
</failure>
    <system-out><![CDATA[2024-02-06 19:53:57,330 [main] INFO  binary_data_logger - ::::::::::Relaunching The App::::::::::
2024-02-06 19:54:02,838 [main] INFO  binary_data_logger - PlatForm :: Web
2024-02-06 19:54:02,839 [main] INFO  binary_data_logger - Running Test :: MLSHOP
2024-02-06 19:54:02,839 [main] INFO  binary_data_logger - Run Mode :: YES
2024-02-06 19:54:04,877 [main] INFO  binary_data_logger - :::::::::Test shopItemsAddedItemInCartDeletedPopupValidationCancelButton Started::::::::
2024-02-06 19:54:19,933 [main] INFO  binary_data_logger - Profile Icon is displayed
2024-02-06 19:54:20,111 [main] INFO  binary_data_logger - Clicked on Profile Icon
2024-02-06 19:54:20,174 [main] INFO  binary_data_logger - Clicked on Mobile Number input field
2024-02-06 19:54:25,204 [main] INFO  binary_data_logger - Typed the value 09999999912 into Mobile Number Input field
2024-02-06 19:54:30,275 [main] INFO  binary_data_logger - Clicked on Get OTP Button
2024-02-06 19:54:32,973 [main] INFO  binary_data_logger - One Time Pin popup is displayed
2024-02-06 19:54:32,996 [main] INFO  binary_data_logger - Typed the value 111111 into ONe Time Pin Input field
2024-02-06 19:55:03,011 [main] INFO  binary_data_logger - Successfully login popup is not displayed
2024-02-06 19:55:03,086 [main] INFO  binary_data_logger - RP_MESSAGE#FILE#C:\Users\MELG20~1\AppData\Local\Temp\screenshot2157851790655018724.png#Attachment
2024-02-06 19:55:08,142 [main] INFO  binary_data_logger - Okay Button is displayed
2024-02-06 19:55:08,327 [main] INFO  binary_data_logger - Clicked on Okay Button
]]></system-out>
    <system-err><![CDATA[Feb 06, 2024 7:54:02 PM io.github.bonigarcia.wdm.WebDriverManager resolveDriverVersion
INFO: Using chromedriver 121.0.6167.85 (resolved driver for Chrome 121)
Feb 06, 2024 7:54:02 PM io.github.bonigarcia.wdm.WebDriverManager exportDriver
INFO: Exporting webdriver.chrome.driver as C:\Users\MELG20229793\.cache\selenium\chromedriver\win64\121.0.6167.85\chromedriver.exe
Feb 06, 2024 7:54:02 PM io.github.bonigarcia.wdm.versions.VersionDetector getDriverVersionFromRepository
WARNING: Exception reading null to get version of chromedriver (For input string: "116.0.5845.97")
Feb 06, 2024 7:54:03 PM io.github.bonigarcia.wdm.online.HttpClient execute
SEVERE: Error HTTP 404 executing https://chromedriver.storage.googleapis.com/LATEST_RELEASE_116.0.5845.97
Feb 06, 2024 7:54:03 PM io.github.bonigarcia.wdm.versions.VersionDetector getDriverVersionFromRepository
WARNING: Exception reading https://chromedriver.storage.googleapis.com/LATEST_RELEASE_116.0.5845.97 to get latest version of chromedriver (Error HTTP 404 executing https://chromedriver.storage.googleapis.com/LATEST_RELEASE_116.0.5845.97)
Feb 06, 2024 7:54:03 PM io.github.bonigarcia.wdm.WebDriverManager exportDriver
INFO: Exporting webdriver.chrome.driver as C:\Users\MELG20229793\.cache\selenium\chromedriver\win64\121.0.6167.85\chromedriver.exe
Starting ChromeDriver 121.0.6167.85 (3f98d690ad7e59242ef110144c757b2ac4eef1a2-refs/branch-heads/6167@{#1539}) on port 5224
Only local connections are allowed.
Please see https://chromedriver.chromium.org/security-considerations for suggestions on keeping ChromeDriver safe.
ChromeDriver was started successfully.
Feb 06, 2024 7:54:04 PM org.openqa.selenium.remote.ProtocolHandshake createSession
INFO: Detected dialect: W3C
]]></system-err>
  </testcase>
  <testcase name="shopItemsRedirectToPayMongoPageGrabPayValidation_SI_TC_225" classname="com.mlshop.test.MLWalletWebScripts" time="93.66">
    <failure message="no such element: Unable to locate element: {&quot;method&quot;:&quot;xpath&quot;,&quot;selector&quot;:&quot;//*[contains(text(),&apos;Rings&apos;)]&quot;}&#10;  (Session info: chrome-headless-shell=121.0.6167.140)&#10;For documentation on this error, please visit: https://www.seleniumhq.org/exceptions/no_such_element.html&#10;Build info: version: &apos;3.141.59&apos;, revision: &apos;e82be7d358&apos;, time: &apos;2018-11-14T08:17:03&apos;&#10;System info: host: &apos;HOTGQA008&apos;, ip: &apos;10.0.8.67&apos;, os.name: &apos;Windows 11&apos;, os.arch: &apos;amd64&apos;, os.version: &apos;10.0&apos;, java.version: &apos;17.0.7&apos;&#10;Driver info: org.openqa.selenium.chrome.ChromeDriver&#10;Capabilities {acceptInsecureCerts: false, browserName: chrome-headless-shell, browserVersion: 121.0.6167.140, chrome: {chromedriverVersion: 121.0.6167.85 (3f98d690ad7e..., userDataDir: C:\Users\MELG20~1\AppData\L...}, fedcm:accounts: true, goog:chromeOptions: {debuggerAddress: localhost:56289}, javascriptEnabled: true, networkConnectionEnabled: false, pageLoadStrategy: eager, platform: WINDOWS, platformName: WINDOWS, proxy: Proxy(), setWindowRect: true, strictFileInteractability: false, timeouts: {implicit: 0, pageLoad: 300000, script: 30000}, unhandledPromptBehavior: dismiss and notify, webauthn:extension:credBlob: true, webauthn:extension:largeBlob: true, webauthn:extension:minPinLength: true, webauthn:extension:prf: true, webauthn:virtualAuthenticators: true}&#10;Session ID: c6d75ae73bde505073852d0ec3bfea01&#10;*** Element info: {Using=xpath, value=//*[contains(text(),&apos;Rings&apos;)]}" type="org.openqa.selenium.NoSuchElementException">org.openqa.selenium.NoSuchElementException: 
no such element: Unable to locate element: {"method":"xpath","selector":"//*[contains(text(),'Rings')]"}
  (Session info: chrome-headless-shell=121.0.6167.140)
For documentation on this error, please visit: https://www.seleniumhq.org/exceptions/no_such_element.html
Build info: version: '3.141.59', revision: 'e82be7d358', time: '2018-11-14T08:17:03'
System info: host: 'HOTGQA008', ip: '10.0.8.67', os.name: 'Windows 11', os.arch: 'amd64', os.version: '10.0', java.version: '17.0.7'
Driver info: org.openqa.selenium.chrome.ChromeDriver
Capabilities {acceptInsecureCerts: false, browserName: chrome-headless-shell, browserVersion: 121.0.6167.140, chrome: {chromedriverVersion: 121.0.6167.85 (3f98d690ad7e..., userDataDir: C:\Users\MELG20~1\AppData\L...}, fedcm:accounts: true, goog:chromeOptions: {debuggerAddress: localhost:56289}, javascriptEnabled: true, networkConnectionEnabled: false, pageLoadStrategy: eager, platform: WINDOWS, platformName: WINDOWS, proxy: Proxy(), setWindowRect: true, strictFileInteractability: false, timeouts: {implicit: 0, pageLoad: 300000, script: 30000}, unhandledPromptBehavior: dismiss and notify, webauthn:extension:credBlob: true, webauthn:extension:largeBlob: true, webauthn:extension:minPinLength: true, webauthn:extension:prf: true, webauthn:virtualAuthenticators: true}
Session ID: c6d75ae73bde505073852d0ec3bfea01
*** Element info: {Using=xpath, value=//*[contains(text(),'Rings')]}
	at com.mlshop.test.MLWalletWebScripts.shopItemsRedirectToPayMongoPageGrabPayValidation_SI_TC_225(MLWalletWebScripts.java:80)
</failure>
    <system-out><![CDATA[2024-02-06 19:55:38,362 [main] INFO  binary_data_logger - ::::::::::Relaunching The App::::::::::
2024-02-06 19:55:43,857 [main] INFO  binary_data_logger - PlatForm :: Web
2024-02-06 19:55:43,859 [main] INFO  binary_data_logger - Running Test :: MLSHOP
2024-02-06 19:55:43,859 [main] INFO  binary_data_logger - Run Mode :: YES
2024-02-06 19:55:45,940 [main] INFO  binary_data_logger - :::::::::Test shopItemsRedirectToPayMongoPageGrabPayValidation_SI_TC_225 Started::::::::
2024-02-06 19:56:01,024 [main] INFO  binary_data_logger - Profile Icon is displayed
2024-02-06 19:56:01,216 [main] INFO  binary_data_logger - Clicked on Profile Icon
2024-02-06 19:56:01,277 [main] INFO  binary_data_logger - Clicked on Mobile Number input field
2024-02-06 19:56:06,310 [main] INFO  binary_data_logger - Typed the value 09999999912 into Mobile Number Input field
2024-02-06 19:56:11,376 [main] INFO  binary_data_logger - Clicked on Get OTP Button
2024-02-06 19:56:14,270 [main] INFO  binary_data_logger - One Time Pin popup is displayed
2024-02-06 19:56:14,290 [main] INFO  binary_data_logger - Typed the value 111111 into ONe Time Pin Input field
2024-02-06 19:56:44,302 [main] INFO  binary_data_logger - Successfully login popup is not displayed
2024-02-06 19:56:44,377 [main] INFO  binary_data_logger - RP_MESSAGE#FILE#C:\Users\MELG20~1\AppData\Local\Temp\screenshot14882976764641310098.png#Attachment
2024-02-06 19:56:49,412 [main] INFO  binary_data_logger - Okay Button is displayed
2024-02-06 19:56:49,563 [main] INFO  binary_data_logger - Clicked on Okay Button
]]></system-out>
    <system-err><![CDATA[Feb 06, 2024 7:55:43 PM io.github.bonigarcia.wdm.WebDriverManager resolveDriverVersion
INFO: Using chromedriver 121.0.6167.85 (resolved driver for Chrome 121)
Feb 06, 2024 7:55:43 PM io.github.bonigarcia.wdm.WebDriverManager exportDriver
INFO: Exporting webdriver.chrome.driver as C:\Users\MELG20229793\.cache\selenium\chromedriver\win64\121.0.6167.85\chromedriver.exe
Feb 06, 2024 7:55:43 PM io.github.bonigarcia.wdm.versions.VersionDetector getDriverVersionFromRepository
WARNING: Exception reading null to get version of chromedriver (For input string: "116.0.5845.97")
Feb 06, 2024 7:55:44 PM io.github.bonigarcia.wdm.online.HttpClient execute
SEVERE: Error HTTP 404 executing https://chromedriver.storage.googleapis.com/LATEST_RELEASE_116.0.5845.97
Feb 06, 2024 7:55:44 PM io.github.bonigarcia.wdm.versions.VersionDetector getDriverVersionFromRepository
WARNING: Exception reading https://chromedriver.storage.googleapis.com/LATEST_RELEASE_116.0.5845.97 to get latest version of chromedriver (Error HTTP 404 executing https://chromedriver.storage.googleapis.com/LATEST_RELEASE_116.0.5845.97)
Feb 06, 2024 7:55:44 PM io.github.bonigarcia.wdm.WebDriverManager exportDriver
INFO: Exporting webdriver.chrome.driver as C:\Users\MELG20229793\.cache\selenium\chromedriver\win64\121.0.6167.85\chromedriver.exe
Starting ChromeDriver 121.0.6167.85 (3f98d690ad7e59242ef110144c757b2ac4eef1a2-refs/branch-heads/6167@{#1539}) on port 48670
Only local connections are allowed.
Please see https://chromedriver.chromium.org/security-considerations for suggestions on keeping ChromeDriver safe.
ChromeDriver was started successfully.
Feb 06, 2024 7:55:45 PM org.openqa.selenium.remote.ProtocolHandshake createSession
INFO: Detected dialect: W3C
]]></system-err>
  </testcase>
  <testcase name="shopItemsRedirectToPayMongoPageGcashValidation_SI_TC_226" classname="com.mlshop.test.MLWalletWebScripts" time="94.021">
    <failure message="no such element: Unable to locate element: {&quot;method&quot;:&quot;xpath&quot;,&quot;selector&quot;:&quot;//*[contains(text(),&apos;Rings&apos;)]&quot;}&#10;  (Session info: chrome-headless-shell=121.0.6167.140)&#10;For documentation on this error, please visit: https://www.seleniumhq.org/exceptions/no_such_element.html&#10;Build info: version: &apos;3.141.59&apos;, revision: &apos;e82be7d358&apos;, time: &apos;2018-11-14T08:17:03&apos;&#10;System info: host: &apos;HOTGQA008&apos;, ip: &apos;10.0.8.67&apos;, os.name: &apos;Windows 11&apos;, os.arch: &apos;amd64&apos;, os.version: &apos;10.0&apos;, java.version: &apos;17.0.7&apos;&#10;Driver info: org.openqa.selenium.chrome.ChromeDriver&#10;Capabilities {acceptInsecureCerts: false, browserName: chrome-headless-shell, browserVersion: 121.0.6167.140, chrome: {chromedriverVersion: 121.0.6167.85 (3f98d690ad7e..., userDataDir: C:\Users\MELG20~1\AppData\L...}, fedcm:accounts: true, goog:chromeOptions: {debuggerAddress: localhost:56452}, javascriptEnabled: true, networkConnectionEnabled: false, pageLoadStrategy: eager, platform: WINDOWS, platformName: WINDOWS, proxy: Proxy(), setWindowRect: true, strictFileInteractability: false, timeouts: {implicit: 0, pageLoad: 300000, script: 30000}, unhandledPromptBehavior: dismiss and notify, webauthn:extension:credBlob: true, webauthn:extension:largeBlob: true, webauthn:extension:minPinLength: true, webauthn:extension:prf: true, webauthn:virtualAuthenticators: true}&#10;Session ID: 57959712cece7a79e3372e83943f8e41&#10;*** Element info: {Using=xpath, value=//*[contains(text(),&apos;Rings&apos;)]}" type="org.openqa.selenium.NoSuchElementException">org.openqa.selenium.NoSuchElementException: 
no such element: Unable to locate element: {"method":"xpath","selector":"//*[contains(text(),'Rings')]"}
  (Session info: chrome-headless-shell=121.0.6167.140)
For documentation on this error, please visit: https://www.seleniumhq.org/exceptions/no_such_element.html
Build info: version: '3.141.59', revision: 'e82be7d358', time: '2018-11-14T08:17:03'
System info: host: 'HOTGQA008', ip: '10.0.8.67', os.name: 'Windows 11', os.arch: 'amd64', os.version: '10.0', java.version: '17.0.7'
Driver info: org.openqa.selenium.chrome.ChromeDriver
Capabilities {acceptInsecureCerts: false, browserName: chrome-headless-shell, browserVersion: 121.0.6167.140, chrome: {chromedriverVersion: 121.0.6167.85 (3f98d690ad7e..., userDataDir: C:\Users\MELG20~1\AppData\L...}, fedcm:accounts: true, goog:chromeOptions: {debuggerAddress: localhost:56452}, javascriptEnabled: true, networkConnectionEnabled: false, pageLoadStrategy: eager, platform: WINDOWS, platformName: WINDOWS, proxy: Proxy(), setWindowRect: true, strictFileInteractability: false, timeouts: {implicit: 0, pageLoad: 300000, script: 30000}, unhandledPromptBehavior: dismiss and notify, webauthn:extension:credBlob: true, webauthn:extension:largeBlob: true, webauthn:extension:minPinLength: true, webauthn:extension:prf: true, webauthn:virtualAuthenticators: true}
Session ID: 57959712cece7a79e3372e83943f8e41
*** Element info: {Using=xpath, value=//*[contains(text(),'Rings')]}
	at com.mlshop.test.MLWalletWebScripts.shopItemsRedirectToPayMongoPageGcashValidation_SI_TC_226(MLWalletWebScripts.java:86)
</failure>
    <system-out><![CDATA[2024-02-06 19:57:19,600 [main] INFO  binary_data_logger - ::::::::::Relaunching The App::::::::::
2024-02-06 19:57:25,087 [main] INFO  binary_data_logger - PlatForm :: Web
2024-02-06 19:57:25,087 [main] INFO  binary_data_logger - Running Test :: MLSHOP
2024-02-06 19:57:25,087 [main] INFO  binary_data_logger - Run Mode :: YES
2024-02-06 19:57:27,799 [main] INFO  binary_data_logger - :::::::::Test shopItemsRedirectToPayMongoPageGcashValidation_SI_TC_226 Started::::::::
2024-02-06 19:57:42,856 [main] INFO  binary_data_logger - Profile Icon is displayed
2024-02-06 19:57:43,033 [main] INFO  binary_data_logger - Clicked on Profile Icon
2024-02-06 19:57:43,089 [main] INFO  binary_data_logger - Clicked on Mobile Number input field
2024-02-06 19:57:48,123 [main] INFO  binary_data_logger - Typed the value 09999999912 into Mobile Number Input field
2024-02-06 19:57:53,177 [main] INFO  binary_data_logger - Clicked on Get OTP Button
2024-02-06 19:57:56,448 [main] INFO  binary_data_logger - One Time Pin popup is displayed
2024-02-06 19:57:56,471 [main] INFO  binary_data_logger - Typed the value 111111 into ONe Time Pin Input field
2024-02-06 19:58:26,504 [main] INFO  binary_data_logger - Successfully login popup is not displayed
2024-02-06 19:58:26,575 [main] INFO  binary_data_logger - RP_MESSAGE#FILE#C:\Users\MELG20~1\AppData\Local\Temp\screenshot1284868552489558919.png#Attachment
2024-02-06 19:58:31,612 [main] INFO  binary_data_logger - Okay Button is displayed
2024-02-06 19:58:31,796 [main] INFO  binary_data_logger - Clicked on Okay Button
]]></system-out>
    <system-err><![CDATA[Feb 06, 2024 7:57:25 PM io.github.bonigarcia.wdm.WebDriverManager resolveDriverVersion
INFO: Using chromedriver 121.0.6167.85 (resolved driver for Chrome 121)
Feb 06, 2024 7:57:25 PM io.github.bonigarcia.wdm.WebDriverManager exportDriver
INFO: Exporting webdriver.chrome.driver as C:\Users\MELG20229793\.cache\selenium\chromedriver\win64\121.0.6167.85\chromedriver.exe
Feb 06, 2024 7:57:25 PM io.github.bonigarcia.wdm.versions.VersionDetector getDriverVersionFromRepository
WARNING: Exception reading null to get version of chromedriver (For input string: "116.0.5845.97")
Feb 06, 2024 7:57:25 PM io.github.bonigarcia.wdm.online.HttpClient execute
SEVERE: Error HTTP 404 executing https://chromedriver.storage.googleapis.com/LATEST_RELEASE_116.0.5845.97
Feb 06, 2024 7:57:25 PM io.github.bonigarcia.wdm.versions.VersionDetector getDriverVersionFromRepository
WARNING: Exception reading https://chromedriver.storage.googleapis.com/LATEST_RELEASE_116.0.5845.97 to get latest version of chromedriver (Error HTTP 404 executing https://chromedriver.storage.googleapis.com/LATEST_RELEASE_116.0.5845.97)
Feb 06, 2024 7:57:26 PM io.github.bonigarcia.wdm.WebDriverManager exportDriver
INFO: Exporting webdriver.chrome.driver as C:\Users\MELG20229793\.cache\selenium\chromedriver\win64\121.0.6167.85\chromedriver.exe
Starting ChromeDriver 121.0.6167.85 (3f98d690ad7e59242ef110144c757b2ac4eef1a2-refs/branch-heads/6167@{#1539}) on port 60652
Only local connections are allowed.
Please see https://chromedriver.chromium.org/security-considerations for suggestions on keeping ChromeDriver safe.
ChromeDriver was started successfully.
Feb 06, 2024 7:57:26 PM org.openqa.selenium.remote.ProtocolHandshake createSession
INFO: Detected dialect: W3C
]]></system-err>
  </testcase>
  <testcase name="shopItemsRedirectToPayMongoPagePayMayaValidation_SI_TC_227" classname="com.mlshop.test.MLWalletWebScripts" time="93.775">
    <failure message="no such element: Unable to locate element: {&quot;method&quot;:&quot;xpath&quot;,&quot;selector&quot;:&quot;//*[contains(text(),&apos;Rings&apos;)]&quot;}&#10;  (Session info: chrome-headless-shell=121.0.6167.140)&#10;For documentation on this error, please visit: https://www.seleniumhq.org/exceptions/no_such_element.html&#10;Build info: version: &apos;3.141.59&apos;, revision: &apos;e82be7d358&apos;, time: &apos;2018-11-14T08:17:03&apos;&#10;System info: host: &apos;HOTGQA008&apos;, ip: &apos;10.0.8.67&apos;, os.name: &apos;Windows 11&apos;, os.arch: &apos;amd64&apos;, os.version: &apos;10.0&apos;, java.version: &apos;17.0.7&apos;&#10;Driver info: org.openqa.selenium.chrome.ChromeDriver&#10;Capabilities {acceptInsecureCerts: false, browserName: chrome-headless-shell, browserVersion: 121.0.6167.140, chrome: {chromedriverVersion: 121.0.6167.85 (3f98d690ad7e..., userDataDir: C:\Users\MELG20~1\AppData\L...}, fedcm:accounts: true, goog:chromeOptions: {debuggerAddress: localhost:56596}, javascriptEnabled: true, networkConnectionEnabled: false, pageLoadStrategy: eager, platform: WINDOWS, platformName: WINDOWS, proxy: Proxy(), setWindowRect: true, strictFileInteractability: false, timeouts: {implicit: 0, pageLoad: 300000, script: 30000}, unhandledPromptBehavior: dismiss and notify, webauthn:extension:credBlob: true, webauthn:extension:largeBlob: true, webauthn:extension:minPinLength: true, webauthn:extension:prf: true, webauthn:virtualAuthenticators: true}&#10;Session ID: fec2eb80f572097b503156c84da467ed&#10;*** Element info: {Using=xpath, value=//*[contains(text(),&apos;Rings&apos;)]}" type="org.openqa.selenium.NoSuchElementException">org.openqa.selenium.NoSuchElementException: 
no such element: Unable to locate element: {"method":"xpath","selector":"//*[contains(text(),'Rings')]"}
  (Session info: chrome-headless-shell=121.0.6167.140)
For documentation on this error, please visit: https://www.seleniumhq.org/exceptions/no_such_element.html
Build info: version: '3.141.59', revision: 'e82be7d358', time: '2018-11-14T08:17:03'
System info: host: 'HOTGQA008', ip: '10.0.8.67', os.name: 'Windows 11', os.arch: 'amd64', os.version: '10.0', java.version: '17.0.7'
Driver info: org.openqa.selenium.chrome.ChromeDriver
Capabilities {acceptInsecureCerts: false, browserName: chrome-headless-shell, browserVersion: 121.0.6167.140, chrome: {chromedriverVersion: 121.0.6167.85 (3f98d690ad7e..., userDataDir: C:\Users\MELG20~1\AppData\L...}, fedcm:accounts: true, goog:chromeOptions: {debuggerAddress: localhost:56596}, javascriptEnabled: true, networkConnectionEnabled: false, pageLoadStrategy: eager, platform: WINDOWS, platformName: WINDOWS, proxy: Proxy(), setWindowRect: true, strictFileInteractability: false, timeouts: {implicit: 0, pageLoad: 300000, script: 30000}, unhandledPromptBehavior: dismiss and notify, webauthn:extension:credBlob: true, webauthn:extension:largeBlob: true, webauthn:extension:minPinLength: true, webauthn:extension:prf: true, webauthn:virtualAuthenticators: true}
Session ID: fec2eb80f572097b503156c84da467ed
*** Element info: {Using=xpath, value=//*[contains(text(),'Rings')]}
	at com.mlshop.test.MLWalletWebScripts.shopItemsRedirectToPayMongoPagePayMayaValidation_SI_TC_227(MLWalletWebScripts.java:92)
</failure>
    <system-out><![CDATA[2024-02-06 19:59:01,820 [main] INFO  binary_data_logger - ::::::::::Relaunching The App::::::::::
2024-02-06 19:59:07,374 [main] INFO  binary_data_logger - PlatForm :: Web
2024-02-06 19:59:07,375 [main] INFO  binary_data_logger - Running Test :: MLSHOP
2024-02-06 19:59:07,375 [main] INFO  binary_data_logger - Run Mode :: YES
2024-02-06 19:59:09,723 [main] INFO  binary_data_logger - :::::::::Test shopItemsRedirectToPayMongoPagePayMayaValidation_SI_TC_227 Started::::::::
2024-02-06 19:59:24,780 [main] INFO  binary_data_logger - Profile Icon is displayed
2024-02-06 19:59:24,982 [main] INFO  binary_data_logger - Clicked on Profile Icon
2024-02-06 19:59:25,032 [main] INFO  binary_data_logger - Clicked on Mobile Number input field
2024-02-06 19:59:30,075 [main] INFO  binary_data_logger - Typed the value 09999999912 into Mobile Number Input field
2024-02-06 19:59:35,134 [main] INFO  binary_data_logger - Clicked on Get OTP Button
2024-02-06 19:59:37,908 [main] INFO  binary_data_logger - One Time Pin popup is displayed
2024-02-06 19:59:37,931 [main] INFO  binary_data_logger - Typed the value 111111 into ONe Time Pin Input field
2024-02-06 20:00:07,940 [main] INFO  binary_data_logger - Successfully login popup is not displayed
2024-02-06 20:00:08,001 [main] INFO  binary_data_logger - RP_MESSAGE#FILE#C:\Users\MELG20~1\AppData\Local\Temp\screenshot11214862017562086780.png#Attachment
2024-02-06 20:00:13,029 [main] INFO  binary_data_logger - Okay Button is displayed
2024-02-06 20:00:13,466 [main] INFO  binary_data_logger - Clicked on Okay Button
]]></system-out>
    <system-err><![CDATA[Feb 06, 2024 7:59:07 PM io.github.bonigarcia.wdm.WebDriverManager resolveDriverVersion
INFO: Using chromedriver 121.0.6167.85 (resolved driver for Chrome 121)
Feb 06, 2024 7:59:07 PM io.github.bonigarcia.wdm.WebDriverManager exportDriver
INFO: Exporting webdriver.chrome.driver as C:\Users\MELG20229793\.cache\selenium\chromedriver\win64\121.0.6167.85\chromedriver.exe
Feb 06, 2024 7:59:07 PM io.github.bonigarcia.wdm.versions.VersionDetector getDriverVersionFromRepository
WARNING: Exception reading null to get version of chromedriver (For input string: "116.0.5845.97")
Feb 06, 2024 7:59:07 PM io.github.bonigarcia.wdm.online.HttpClient execute
SEVERE: Error HTTP 404 executing https://chromedriver.storage.googleapis.com/LATEST_RELEASE_116.0.5845.97
Feb 06, 2024 7:59:07 PM io.github.bonigarcia.wdm.versions.VersionDetector getDriverVersionFromRepository
WARNING: Exception reading https://chromedriver.storage.googleapis.com/LATEST_RELEASE_116.0.5845.97 to get latest version of chromedriver (Error HTTP 404 executing https://chromedriver.storage.googleapis.com/LATEST_RELEASE_116.0.5845.97)
Feb 06, 2024 7:59:08 PM io.github.bonigarcia.wdm.WebDriverManager exportDriver
INFO: Exporting webdriver.chrome.driver as C:\Users\MELG20229793\.cache\selenium\chromedriver\win64\121.0.6167.85\chromedriver.exe
Starting ChromeDriver 121.0.6167.85 (3f98d690ad7e59242ef110144c757b2ac4eef1a2-refs/branch-heads/6167@{#1539}) on port 59239
Only local connections are allowed.
Please see https://chromedriver.chromium.org/security-considerations for suggestions on keeping ChromeDriver safe.
ChromeDriver was started successfully.
Feb 06, 2024 7:59:08 PM org.openqa.selenium.remote.ProtocolHandshake createSession
INFO: Detected dialect: W3C
]]></system-err>
  </testcase>
</testsuite>