-------------------------------------------------------------------------------
Test set: TestSuite
-------------------------------------------------------------------------------
Tests run: 38, Failures: 38, Errors: 0, Skipped: 0, Time elapsed: 5.913 s <<< FAILURE! - in TestSuite
beforeMethod(com.mlshop.test.MLWalletWebScripts)  Time elapsed: 1.352 s  <<< FAILURE!
java.lang.NullPointerException: Cannot invoke "String.equals(Object)" because the return value of "com.propertyfilereader.PropertyFileReader.getproperty(String)" is null

mlShopProfileNameAndDropDownValidation(com.mlshop.test.MLWalletWebScripts)  Time elapsed: 0.004 s  <<< FAILURE!
java.lang.NullPointerException: Cannot invoke "String.equals(Object)" because the return value of "com.propertyfilereader.PropertyFileReader.getproperty(String)" is null

beforeMethod(com.mlshop.test.MLWalletWebScripts)  Time elapsed: 0.187 s  <<< FAILURE!
java.lang.NullPointerException: Cannot invoke "String.equals(Object)" because the return value of "com.propertyfilereader.PropertyFileReader.getproperty(String)" is null

shopItemsRingProductPurchaseScenario(com.mlshop.test.MLWalletWebScripts)  Time elapsed: 0.001 s  <<< FAILURE!
java.lang.NullPointerException: Cannot invoke "String.equals(Object)" because the return value of "com.propertyfilereader.PropertyFileReader.getproperty(String)" is null

beforeMethod(com.mlshop.test.MLWalletWebScripts)  Time elapsed: 0.182 s  <<< FAILURE!
java.lang.NullPointerException: Cannot invoke "String.equals(Object)" because the return value of "com.propertyfilereader.PropertyFileReader.getproperty(String)" is null

shopItemsShippingDetailsPageUIValidation(com.mlshop.test.MLWalletWebScripts)  Time elapsed: 0.001 s  <<< FAILURE!
java.lang.NullPointerException: Cannot invoke "String.equals(Object)" because the return value of "com.propertyfilereader.PropertyFileReader.getproperty(String)" is null

beforeMethod(com.mlshop.test.MLWalletWebScripts)  Time elapsed: 0.19 s  <<< FAILURE!
java.lang.NullPointerException: Cannot invoke "String.equals(Object)" because the return value of "com.propertyfilereader.PropertyFileReader.getproperty(String)" is null

shopItemsProfilePageNavigation(com.mlshop.test.MLWalletWebScripts)  Time elapsed: 0.001 s  <<< FAILURE!
java.lang.NullPointerException: Cannot invoke "String.equals(Object)" because the return value of "com.propertyfilereader.PropertyFileReader.getproperty(String)" is null

beforeMethod(com.mlshop.test.MLWalletWebScripts)  Time elapsed: 0.181 s  <<< FAILURE!
java.lang.NullPointerException: Cannot invoke "String.equals(Object)" because the return value of "com.propertyfilereader.PropertyFileReader.getproperty(String)" is null

shopItemsPurchaseHistoryPageNavigation(com.mlshop.test.MLWalletWebScripts)  Time elapsed: 0 s  <<< FAILURE!
java.lang.NullPointerException: Cannot invoke "String.equals(Object)" because the return value of "com.propertyfilereader.PropertyFileReader.getproperty(String)" is null

beforeMethod(com.mlshop.test.MLWalletWebScripts)  Time elapsed: 0.179 s  <<< FAILURE!
java.lang.NullPointerException: Cannot invoke "String.equals(Object)" because the return value of "com.propertyfilereader.PropertyFileReader.getproperty(String)" is null

shopItemsLogoutValidation(com.mlshop.test.MLWalletWebScripts)  Time elapsed: 0.001 s  <<< FAILURE!
java.lang.NullPointerException: Cannot invoke "String.equals(Object)" because the return value of "com.propertyfilereader.PropertyFileReader.getproperty(String)" is null

beforeMethod(com.mlshop.test.MLWalletWebScripts)  Time elapsed: 0.175 s  <<< FAILURE!
java.lang.NullPointerException: Cannot invoke "String.equals(Object)" because the return value of "com.propertyfilereader.PropertyFileReader.getproperty(String)" is null

shopItemsProfileSuccessfulLogin(com.mlshop.test.MLWalletWebScripts)  Time elapsed: 0.001 s  <<< FAILURE!
java.lang.NullPointerException: Cannot invoke "String.equals(Object)" because the return value of "com.propertyfilereader.PropertyFileReader.getproperty(String)" is null

beforeMethod(com.mlshop.test.MLWalletWebScripts)  Time elapsed: 0.163 s  <<< FAILURE!
java.lang.NullPointerException: Cannot invoke "String.equals(Object)" because the return value of "com.propertyfilereader.PropertyFileReader.getproperty(String)" is null

shopItemsAvailableJewelryItemsValidation(com.mlshop.test.MLWalletWebScripts)  Time elapsed: 0.001 s  <<< FAILURE!
java.lang.NullPointerException: Cannot invoke "String.equals(Object)" because the return value of "com.propertyfilereader.PropertyFileReader.getproperty(String)" is null

beforeMethod(com.mlshop.test.MLWalletWebScripts)  Time elapsed: 0.19 s  <<< FAILURE!
java.lang.NullPointerException: Cannot invoke "String.equals(Object)" because the return value of "com.propertyfilereader.PropertyFileReader.getproperty(String)" is null

shopItemsWatchItemsValidation(com.mlshop.test.MLWalletWebScripts)  Time elapsed: 0.001 s  <<< FAILURE!
java.lang.NullPointerException: Cannot invoke "String.equals(Object)" because the return value of "com.propertyfilereader.PropertyFileReader.getproperty(String)" is null

beforeMethod(com.mlshop.test.MLWalletWebScripts)  Time elapsed: 0.173 s  <<< FAILURE!
java.lang.NullPointerException: Cannot invoke "String.equals(Object)" because the return value of "com.propertyfilereader.PropertyFileReader.getproperty(String)" is null

shopItemsRingsProductTypePageNavigationValidation(com.mlshop.test.MLWalletWebScripts)  Time elapsed: 0.001 s  <<< FAILURE!
java.lang.NullPointerException: Cannot invoke "String.equals(Object)" because the return value of "com.propertyfilereader.PropertyFileReader.getproperty(String)" is null

beforeMethod(com.mlshop.test.MLWalletWebScripts)  Time elapsed: 0.154 s  <<< FAILURE!
java.lang.NullPointerException: Cannot invoke "String.equals(Object)" because the return value of "com.propertyfilereader.PropertyFileReader.getproperty(String)" is null

shopItemsNecklacesAndPendantsProductTypePageNavigationValidation(com.mlshop.test.MLWalletWebScripts)  Time elapsed: 0.002 s  <<< FAILURE!
java.lang.NullPointerException: Cannot invoke "String.equals(Object)" because the return value of "com.propertyfilereader.PropertyFileReader.getproperty(String)" is null

beforeMethod(com.mlshop.test.MLWalletWebScripts)  Time elapsed: 0.166 s  <<< FAILURE!
java.lang.NullPointerException: Cannot invoke "String.equals(Object)" because the return value of "com.propertyfilereader.PropertyFileReader.getproperty(String)" is null

shopItemsBraceletsAndBanglesProductTypePageNavigationValidation(com.mlshop.test.MLWalletWebScripts)  Time elapsed: 0.002 s  <<< FAILURE!
java.lang.NullPointerException: Cannot invoke "String.equals(Object)" because the return value of "com.propertyfilereader.PropertyFileReader.getproperty(String)" is null

beforeMethod(com.mlshop.test.MLWalletWebScripts)  Time elapsed: 0.17 s  <<< FAILURE!
java.lang.NullPointerException: Cannot invoke "String.equals(Object)" because the return value of "com.propertyfilereader.PropertyFileReader.getproperty(String)" is null

shopItemsEarringsProductTypePageNavigationValidation(com.mlshop.test.MLWalletWebScripts)  Time elapsed: 0.002 s  <<< FAILURE!
java.lang.NullPointerException: Cannot invoke "String.equals(Object)" because the return value of "com.propertyfilereader.PropertyFileReader.getproperty(String)" is null

beforeMethod(com.mlshop.test.MLWalletWebScripts)  Time elapsed: 0.183 s  <<< FAILURE!
java.lang.NullPointerException: Cannot invoke "String.equals(Object)" because the return value of "com.propertyfilereader.PropertyFileReader.getproperty(String)" is null

shopItemsWatchProductTypePageNavigationValidation(com.mlshop.test.MLWalletWebScripts)  Time elapsed: 0.001 s  <<< FAILURE!
java.lang.NullPointerException: Cannot invoke "String.equals(Object)" because the return value of "com.propertyfilereader.PropertyFileReader.getproperty(String)" is null

beforeMethod(com.mlshop.test.MLWalletWebScripts)  Time elapsed: 0.206 s  <<< FAILURE!
java.lang.NullPointerException: Cannot invoke "String.equals(Object)" because the return value of "com.propertyfilereader.PropertyFileReader.getproperty(String)" is null

shopItemsAddedItemInCartDeletedPopupValidationYesButton(com.mlshop.test.MLWalletWebScripts)  Time elapsed: 0 s  <<< FAILURE!
java.lang.NullPointerException: Cannot invoke "String.equals(Object)" because the return value of "com.propertyfilereader.PropertyFileReader.getproperty(String)" is null

beforeMethod(com.mlshop.test.MLWalletWebScripts)  Time elapsed: 0.172 s  <<< FAILURE!
java.lang.NullPointerException: Cannot invoke "String.equals(Object)" because the return value of "com.propertyfilereader.PropertyFileReader.getproperty(String)" is null

shopItemsAddedItemInCartDeletedPopupValidationCancelButton(com.mlshop.test.MLWalletWebScripts)  Time elapsed: 0.001 s  <<< FAILURE!
java.lang.NullPointerException: Cannot invoke "String.equals(Object)" because the return value of "com.propertyfilereader.PropertyFileReader.getproperty(String)" is null

beforeMethod(com.mlshop.test.MLWalletWebScripts)  Time elapsed: 0.177 s  <<< FAILURE!
java.lang.NullPointerException: Cannot invoke "String.equals(Object)" because the return value of "com.propertyfilereader.PropertyFileReader.getproperty(String)" is null

shopItemsRedirectToPayMongoPageGrabPayValidation_SI_TC_225(com.mlshop.test.MLWalletWebScripts)  Time elapsed: 0.001 s  <<< FAILURE!
java.lang.NullPointerException: Cannot invoke "String.equals(Object)" because the return value of "com.propertyfilereader.PropertyFileReader.getproperty(String)" is null

beforeMethod(com.mlshop.test.MLWalletWebScripts)  Time elapsed: 0.273 s  <<< FAILURE!
java.lang.NullPointerException: Cannot invoke "String.equals(Object)" because the return value of "com.propertyfilereader.PropertyFileReader.getproperty(String)" is null

shopItemsRedirectToPayMongoPageGcashValidation_SI_TC_226(com.mlshop.test.MLWalletWebScripts)  Time elapsed: 0.002 s  <<< FAILURE!
java.lang.NullPointerException: Cannot invoke "String.equals(Object)" because the return value of "com.propertyfilereader.PropertyFileReader.getproperty(String)" is null

beforeMethod(com.mlshop.test.MLWalletWebScripts)  Time elapsed: 0.195 s  <<< FAILURE!
java.lang.NullPointerException: Cannot invoke "String.equals(Object)" because the return value of "com.propertyfilereader.PropertyFileReader.getproperty(String)" is null

shopItemsRedirectToPayMongoPagePayMayaValidation_SI_TC_227(com.mlshop.test.MLWalletWebScripts)  Time elapsed: 0.001 s  <<< FAILURE!
java.lang.NullPointerException: Cannot invoke "String.equals(Object)" because the return value of "com.propertyfilereader.PropertyFileReader.getproperty(String)" is null

